<?xml version="1.0" ?>
<!DOCTYPE coverage SYSTEM "http://cobertura.sourceforge.net/xml/coverage-04.dtd">
<coverage lines-valid="7512"  lines-covered="1260"  line-rate="0.1677"  branches-valid="4555"  branches-covered="295"  branch-rate="0.06480000000000001"  timestamp="1404241936168" complexity="0" version="0.1">
<sources>
	<source>C:\Users\prokopig\Desktop\Testing\karma</source>
</sources>
<packages>
	<package name="js"  line-rate="0.40630000000000005"  branch-rate="0" >
	<classes>
		<class name="main.min.js"  filename="dist\js\main.min.js"  line-rate="0.40630000000000005"  branch-rate="0" >
		<methods>
			<method name="(anonymous_1)"  hits="0"  signature="()V" >
				<lines><line number="3"  hits="0" /></lines>
			</method>
			<method name="(anonymous_2)"  hits="0"  signature="()V" >
				<lines><line number="4"  hits="0" /></lines>
			</method>
			<method name="(anonymous_3)"  hits="1"  signature="()V" >
				<lines><line number="10"  hits="1" /></lines>
			</method>
			<method name="(anonymous_4)"  hits="0"  signature="()V" >
				<lines><line number="25"  hits="0" /></lines>
			</method>
			<method name="getUsers"  hits="0"  signature="()V" >
				<lines><line number="29"  hits="0" /></lines>
			</method>
			<method name="(anonymous_6)"  hits="0"  signature="()V" >
				<lines><line number="30"  hits="0" /></lines>
			</method>
			<method name="init"  hits="0"  signature="()V" >
				<lines><line number="36"  hits="0" /></lines>
			</method>
			<method name="(anonymous_8)"  hits="0"  signature="()V" >
				<lines><line number="40"  hits="0" /></lines>
			</method>
			<method name="(anonymous_9)"  hits="0"  signature="()V" >
				<lines><line number="45"  hits="0" /></lines>
			</method>
			<method name="(anonymous_10)"  hits="0"  signature="()V" >
				<lines><line number="48"  hits="0" /></lines>
			</method>
			<method name="(anonymous_11)"  hits="1"  signature="()V" >
				<lines><line number="58"  hits="1" /></lines>
			</method>
			<method name="(anonymous_12)"  hits="1"  signature="()V" >
				<lines><line number="63"  hits="1" /></lines>
			</method>
			<method name="(anonymous_13)"  hits="0"  signature="()V" >
				<lines><line number="68"  hits="0" /></lines>
			</method>
			<method name="(anonymous_14)"  hits="0"  signature="()V" >
				<lines><line number="70"  hits="0" /></lines>
			</method>
			<method name="(anonymous_15)"  hits="0"  signature="()V" >
				<lines><line number="71"  hits="0" /></lines>
			</method>
		</methods>
		<lines>
			<line number="1"  hits="1"  branch="false" />
			<line number="3"  hits="1"  branch="false" />
			<line number="4"  hits="0"  branch="false" />
			<line number="5"  hits="0"  branch="true"  condition-coverage="0% (0/2)" />
			<line number="6"  hits="0"  branch="true"  condition-coverage="0% (0/2)" />
			<line number="10"  hits="1"  branch="false" />
			<line number="11"  hits="1"  branch="false" />
			<line number="25"  hits="1"  branch="false" />
			<line number="27"  hits="0"  branch="false" />
			<line number="29"  hits="1"  branch="false" />
			<line number="30"  hits="0"  branch="false" />
			<line number="31"  hits="0"  branch="false" />
			<line number="32"  hits="0"  branch="false" />
			<line number="36"  hits="1"  branch="false" />
			<line number="38"  hits="0"  branch="false" />
			<line number="40"  hits="0"  branch="false" />
			<line number="41"  hits="0"  branch="false" />
			<line number="45"  hits="0"  branch="false" />
			<line number="46"  hits="0"  branch="false" />
			<line number="47"  hits="0"  branch="false" />
			<line number="49"  hits="0"  branch="false" />
			<line number="50"  hits="0"  branch="false" />
			<line number="54"  hits="0"  branch="false" />
			<line number="58"  hits="1"  branch="false" />
			<line number="60"  hits="1"  branch="false" />
			<line number="61"  hits="1"  branch="false" />
			<line number="63"  hits="1"  branch="false" />
			<line number="64"  hits="1"  branch="false" />
			<line number="68"  hits="1"  branch="false" />
			<line number="69"  hits="0"  branch="false" />
			<line number="71"  hits="0"  branch="false" />
			<line number="72"  hits="0"  branch="false" />
		</lines>
		</class>
	</classes>
	</package>
	<package name="lib.js"  line-rate="0.16670000000000001"  branch-rate="0.06480000000000001" >
	<classes>
		<class name="angular-animate.js"  filename="dist\lib\js\angular-animate.js"  line-rate="0.08310000000000001"  branch-rate="0" >
		<methods>
			<method name="(anonymous_1)"  hits="1"  signature="()V" >
				<lines><line number="6"  hits="1" /></lines>
			</method>
			<method name="(anonymous_2)"  hits="0"  signature="()V" >
				<lines><line number="263"  hits="0" /></lines>
			</method>
			<method name="(anonymous_3)"  hits="0"  signature="()V" >
				<lines><line number="265"  hits="0" /></lines>
			</method>
			<method name="(anonymous_4)"  hits="0"  signature="()V" >
				<lines><line number="267"  hits="0" /></lines>
			</method>
			<method name="(anonymous_5)"  hits="1"  signature="()V" >
				<lines><line number="279"  hits="1" /></lines>
			</method>
			<method name="extractElementNode"  hits="0"  signature="()V" >
				<lines><line number="289"  hits="0" /></lines>
			</method>
			<method name="stripCommentsFromElement"  hits="0"  signature="()V" >
				<lines><line number="298"  hits="0" /></lines>
			</method>
			<method name="isMatchingElement"  hits="0"  signature="()V" >
				<lines><line number="302"  hits="0" /></lines>
			</method>
			<method name="(anonymous_9)"  hits="0"  signature="()V" >
				<lines><line number="307"  hits="0" /></lines>
			</method>
			<method name="(anonymous_10)"  hits="0"  signature="()V" >
				<lines><line number="318"  hits="0" /></lines>
			</method>
			<method name="(anonymous_11)"  hits="0"  signature="()V" >
				<lines><line number="319"  hits="0" /></lines>
			</method>
			<method name="(anonymous_12)"  hits="0"  signature="()V" >
				<lines><line number="326"  hits="0" /></lines>
			</method>
			<method name="(anonymous_13)"  hits="0"  signature="()V" >
				<lines><line number="327"  hits="0" /></lines>
			</method>
			<method name="lookup"  hits="0"  signature="()V" >
				<lines><line number="331"  hits="0" /></lines>
			</method>
			<method name="animationRunner"  hits="0"  signature="()V" >
				<lines><line number="361"  hits="0" /></lines>
			</method>
			<method name="(anonymous_16)"  hits="0"  signature="()V" >
				<lines><line number="395"  hits="0" /></lines>
			</method>
			<method name="registerAnimation"  hits="0"  signature="()V" >
				<lines><line number="403"  hits="0" /></lines>
			</method>
			<method name="run"  hits="0"  signature="()V" >
				<lines><line number="422"  hits="0" /></lines>
			</method>
			<method name="(anonymous_19)"  hits="0"  signature="()V" >
				<lines><line number="424"  hits="0" /></lines>
			</method>
			<method name="afterAnimationComplete"  hits="0"  signature="()V" >
				<lines><line number="429"  hits="0" /></lines>
			</method>
			<method name="(anonymous_21)"  hits="0"  signature="()V" >
				<lines><line number="441"  hits="0" /></lines>
			</method>
			<method name="(anonymous_22)"  hits="0"  signature="()V" >
				<lines><line number="442"  hits="0" /></lines>
			</method>
			<method name="(anonymous_23)"  hits="0"  signature="()V" >
				<lines><line number="472"  hits="0" /></lines>
			</method>
			<method name="(anonymous_24)"  hits="0"  signature="()V" >
				<lines><line number="474"  hits="0" /></lines>
			</method>
			<method name="(anonymous_25)"  hits="0"  signature="()V" >
				<lines><line number="479"  hits="0" /></lines>
			</method>
			<method name="(anonymous_26)"  hits="0"  signature="()V" >
				<lines><line number="481"  hits="0" /></lines>
			</method>
			<method name="(anonymous_27)"  hits="0"  signature="()V" >
				<lines><line number="486"  hits="0" /></lines>
			</method>
			<method name="(anonymous_28)"  hits="0"  signature="()V" >
				<lines><line number="488"  hits="0" /></lines>
			</method>
			<method name="(anonymous_29)"  hits="0"  signature="()V" >
				<lines><line number="494"  hits="0" /></lines>
			</method>
			<method name="(anonymous_30)"  hits="0"  signature="()V" >
				<lines><line number="552"  hits="0" /></lines>
			</method>
			<method name="(anonymous_31)"  hits="0"  signature="()V" >
				<lines><line number="555"  hits="0" /></lines>
			</method>
			<method name="(anonymous_32)"  hits="0"  signature="()V" >
				<lines><line number="588"  hits="0" /></lines>
			</method>
			<method name="(anonymous_33)"  hits="0"  signature="()V" >
				<lines><line number="591"  hits="0" /></lines>
			</method>
			<method name="(anonymous_34)"  hits="0"  signature="()V" >
				<lines><line number="592"  hits="0" /></lines>
			</method>
			<method name="(anonymous_35)"  hits="0"  signature="()V" >
				<lines><line number="628"  hits="0" /></lines>
			</method>
			<method name="(anonymous_36)"  hits="0"  signature="()V" >
				<lines><line number="632"  hits="0" /></lines>
			</method>
			<method name="(anonymous_37)"  hits="0"  signature="()V" >
				<lines><line number="667"  hits="0" /></lines>
			</method>
			<method name="(anonymous_38)"  hits="0"  signature="()V" >
				<lines><line number="669"  hits="0" /></lines>
			</method>
			<method name="(anonymous_39)"  hits="0"  signature="()V" >
				<lines><line number="703"  hits="0" /></lines>
			</method>
			<method name="(anonymous_40)"  hits="0"  signature="()V" >
				<lines><line number="705"  hits="0" /></lines>
			</method>
			<method name="(anonymous_41)"  hits="0"  signature="()V" >
				<lines><line number="724"  hits="0" /></lines>
			</method>
			<method name="(anonymous_42)"  hits="0"  signature="()V" >
				<lines><line number="726"  hits="0" /></lines>
			</method>
			<method name="(anonymous_43)"  hits="0"  signature="()V" >
				<lines><line number="744"  hits="0" /></lines>
			</method>
			<method name="performAnimation"  hits="0"  signature="()V" >
				<lines><line number="775"  hits="0" /></lines>
			</method>
			<method name="(anonymous_45)"  hits="0"  signature="()V" >
				<lines><line number="847"  hits="0" /></lines>
			</method>
			<method name="(anonymous_46)"  hits="0"  signature="()V" >
				<lines><line number="868"  hits="0" /></lines>
			</method>
			<method name="(anonymous_47)"  hits="0"  signature="()V" >
				<lines><line number="899"  hits="0" /></lines>
			</method>
			<method name="fireDOMCallback"  hits="0"  signature="()V" >
				<lines><line number="914"  hits="0" /></lines>
			</method>
			<method name="(anonymous_49)"  hits="0"  signature="()V" >
				<lines><line number="917"  hits="0" /></lines>
			</method>
			<method name="fireBeforeCallbackAsync"  hits="0"  signature="()V" >
				<lines><line number="926"  hits="0" /></lines>
			</method>
			<method name="fireAfterCallbackAsync"  hits="0"  signature="()V" >
				<lines><line number="930"  hits="0" /></lines>
			</method>
			<method name="fireDoneCallbackAsync"  hits="0"  signature="()V" >
				<lines><line number="934"  hits="0" /></lines>
			</method>
			<method name="(anonymous_53)"  hits="0"  signature="()V" >
				<lines><line number="937"  hits="0" /></lines>
			</method>
			<method name="fireDOMOperation"  hits="0"  signature="()V" >
				<lines><line number="945"  hits="0" /></lines>
			</method>
			<method name="closeAnimation"  hits="0"  signature="()V" >
				<lines><line number="952"  hits="0" /></lines>
			</method>
			<method name="(anonymous_56)"  hits="0"  signature="()V" >
				<lines><line number="964"  hits="0" /></lines>
			</method>
			<method name="cancelChildAnimations"  hits="0"  signature="()V" >
				<lines><line number="978"  hits="0" /></lines>
			</method>
			<method name="(anonymous_58)"  hits="0"  signature="()V" >
				<lines><line number="984"  hits="0" /></lines>
			</method>
			<method name="(anonymous_59)"  hits="0"  signature="()V" >
				<lines><line number="988"  hits="0" /></lines>
			</method>
			<method name="cleanup"  hits="0"  signature="()V" >
				<lines><line number="996"  hits="0" /></lines>
			</method>
			<method name="animationsDisabled"  hits="0"  signature="()V" >
				<lines><line number="1018"  hits="0" /></lines>
			</method>
			<method name="(anonymous_62)"  hits="0"  signature="()V" >
				<lines><line number="1047"  hits="0" /></lines>
			</method>
			<method name="afterReflow"  hits="0"  signature="()V" >
				<lines><line number="1092"  hits="0" /></lines>
			</method>
			<method name="(anonymous_64)"  hits="0"  signature="()V" >
				<lines><line number="1097"  hits="0" /></lines>
			</method>
			<method name="(anonymous_65)"  hits="0"  signature="()V" >
				<lines><line number="1098"  hits="0" /></lines>
			</method>
			<method name="animationCloseHandler"  hits="0"  signature="()V" >
				<lines><line number="1111"  hits="0" /></lines>
			</method>
			<method name="(anonymous_67)"  hits="0"  signature="()V" >
				<lines><line number="1129"  hits="0" /></lines>
			</method>
			<method name="closeAllAnimations"  hits="0"  signature="()V" >
				<lines><line number="1135"  hits="0" /></lines>
			</method>
			<method name="(anonymous_69)"  hits="0"  signature="()V" >
				<lines><line number="1136"  hits="0" /></lines>
			</method>
			<method name="getElementAnimationDetails"  hits="0"  signature="()V" >
				<lines><line number="1144"  hits="0" /></lines>
			</method>
			<method name="(anonymous_71)"  hits="0"  signature="()V" >
				<lines><line number="1157"  hits="0" /></lines>
			</method>
			<method name="parseMaxTime"  hits="0"  signature="()V" >
				<lines><line number="1202"  hits="0" /></lines>
			</method>
			<method name="(anonymous_73)"  hits="0"  signature="()V" >
				<lines><line number="1207"  hits="0" /></lines>
			</method>
			<method name="getCacheKey"  hits="0"  signature="()V" >
				<lines><line number="1213"  hits="0" /></lines>
			</method>
			<method name="animateSetup"  hits="0"  signature="()V" >
				<lines><line number="1223"  hits="0" /></lines>
			</method>
			<method name="(anonymous_76)"  hits="0"  signature="()V" >
				<lines><line number="1244"  hits="0" /></lines>
			</method>
			<method name="(anonymous_77)"  hits="0"  signature="()V" >
				<lines><line number="1250"  hits="0" /></lines>
			</method>
			<method name="isStructuralAnimation"  hits="0"  signature="()V" >
				<lines><line number="1289"  hits="0" /></lines>
			</method>
			<method name="blockTransitions"  hits="0"  signature="()V" >
				<lines><line number="1293"  hits="0" /></lines>
			</method>
			<method name="blockKeyframeAnimations"  hits="0"  signature="()V" >
				<lines><line number="1301"  hits="0" /></lines>
			</method>
			<method name="unblockTransitions"  hits="0"  signature="()V" >
				<lines><line number="1305"  hits="0" /></lines>
			</method>
			<method name="unblockKeyframeAnimations"  hits="0"  signature="()V" >
				<lines><line number="1314"  hits="0" /></lines>
			</method>
			<method name="animateRun"  hits="0"  signature="()V" >
				<lines><line number="1322"  hits="0" /></lines>
			</method>
			<method name="(anonymous_84)"  hits="0"  signature="()V" >
				<lines><line number="1331"  hits="0" /></lines>
			</method>
			<method name="(anonymous_85)"  hits="0"  signature="()V" >
				<lines><line number="1381"  hits="0" /></lines>
			</method>
			<method name="onEnd"  hits="0"  signature="()V" >
				<lines><line number="1397"  hits="0" /></lines>
			</method>
			<method name="onAnimationProgress"  hits="0"  signature="()V" >
				<lines><line number="1407"  hits="0" /></lines>
			</method>
			<method name="prepareStaggerDelay"  hits="0"  signature="()V" >
				<lines><line number="1429"  hits="0" /></lines>
			</method>
			<method name="(anonymous_89)"  hits="0"  signature="()V" >
				<lines><line number="1431"  hits="0" /></lines>
			</method>
			<method name="animateBefore"  hits="0"  signature="()V" >
				<lines><line number="1438"  hits="0" /></lines>
			</method>
			<method name="(anonymous_91)"  hits="0"  signature="()V" >
				<lines><line number="1440"  hits="0" /></lines>
			</method>
			<method name="animateAfter"  hits="0"  signature="()V" >
				<lines><line number="1446"  hits="0" /></lines>
			</method>
			<method name="animate"  hits="0"  signature="()V" >
				<lines><line number="1455"  hits="0" /></lines>
			</method>
			<method name="(anonymous_94)"  hits="0"  signature="()V" >
				<lines><line number="1471"  hits="0" /></lines>
			</method>
			<method name="(anonymous_95)"  hits="0"  signature="()V" >
				<lines><line number="1480"  hits="0" /></lines>
			</method>
			<method name="animateClose"  hits="0"  signature="()V" >
				<lines><line number="1485"  hits="0" /></lines>
			</method>
			<method name="(anonymous_97)"  hits="0"  signature="()V" >
				<lines><line number="1499"  hits="0" /></lines>
			</method>
			<method name="(anonymous_98)"  hits="0"  signature="()V" >
				<lines><line number="1503"  hits="0" /></lines>
			</method>
			<method name="(anonymous_99)"  hits="0"  signature="()V" >
				<lines><line number="1507"  hits="0" /></lines>
			</method>
			<method name="(anonymous_100)"  hits="0"  signature="()V" >
				<lines><line number="1511"  hits="0" /></lines>
			</method>
			<method name="(anonymous_101)"  hits="0"  signature="()V" >
				<lines><line number="1514"  hits="0" /></lines>
			</method>
			<method name="(anonymous_102)"  hits="0"  signature="()V" >
				<lines><line number="1528"  hits="0" /></lines>
			</method>
			<method name="(anonymous_103)"  hits="0"  signature="()V" >
				<lines><line number="1538"  hits="0" /></lines>
			</method>
			<method name="(anonymous_104)"  hits="0"  signature="()V" >
				<lines><line number="1539"  hits="0" /></lines>
			</method>
			<method name="(anonymous_105)"  hits="0"  signature="()V" >
				<lines><line number="1552"  hits="0" /></lines>
			</method>
			<method name="(anonymous_106)"  hits="0"  signature="()V" >
				<lines><line number="1562"  hits="0" /></lines>
			</method>
			<method name="(anonymous_107)"  hits="0"  signature="()V" >
				<lines><line number="1569"  hits="0" /></lines>
			</method>
			<method name="(anonymous_108)"  hits="0"  signature="()V" >
				<lines><line number="1573"  hits="0" /></lines>
			</method>
			<method name="(anonymous_109)"  hits="0"  signature="()V" >
				<lines><line number="1574"  hits="0" /></lines>
			</method>
			<method name="(anonymous_110)"  hits="0"  signature="()V" >
				<lines><line number="1587"  hits="0" /></lines>
			</method>
			<method name="(anonymous_111)"  hits="0"  signature="()V" >
				<lines><line number="1597"  hits="0" /></lines>
			</method>
			<method name="suffixClasses"  hits="0"  signature="()V" >
				<lines><line number="1602"  hits="0" /></lines>
			</method>
			<method name="(anonymous_113)"  hits="0"  signature="()V" >
				<lines><line number="1605"  hits="0" /></lines>
			</method>
		</methods>
		<lines>
			<line number="6"  hits="1"  branch="false" />
			<line number="242"  hits="1"  branch="false" />
			<line number="264"  hits="0"  branch="false" />
			<line number="265"  hits="0"  branch="false" />
			<line number="267"  hits="0"  branch="false" />
			<line number="273"  hits="0"  branch="false" />
			<line number="274"  hits="0"  branch="false" />
			<line number="280"  hits="1"  branch="false" />
			<line number="281"  hits="1"  branch="false" />
			<line number="282"  hits="1"  branch="false" />
			<line number="284"  hits="1"  branch="false" />
			<line number="285"  hits="1"  branch="false" />
			<line number="286"  hits="1"  branch="false" />
			<line number="287"  hits="1"  branch="false" />
			<line number="289"  hits="1"  branch="false" />
			<line number="290"  hits="0"  branch="false" />
			<line number="291"  hits="0"  branch="false" />
			<line number="292"  hits="0"  branch="true"  condition-coverage="0% (0/2)" />
			<line number="293"  hits="0"  branch="false" />
			<line number="298"  hits="1"  branch="false" />
			<line number="299"  hits="0"  branch="false" />
			<line number="302"  hits="1"  branch="false" />
			<line number="303"  hits="0"  branch="false" />
			<line number="306"  hits="1"  branch="false" />
			<line number="309"  hits="0"  branch="false" />
			<line number="310"  hits="0"  branch="false" />
			<line number="318"  hits="0"  branch="false" />
			<line number="319"  hits="0"  branch="false" />
			<line number="320"  hits="0"  branch="false" />
			<line number="324"  hits="0"  branch="false" />
			<line number="325"  hits="0"  branch="true"  condition-coverage="0% (0/2)" />
			<line number="326"  hits="0"  branch="false" />
			<line number="328"  hits="0"  branch="false" />
			<line number="331"  hits="1"  branch="false" />
			<line number="332"  hits="0"  branch="true"  condition-coverage="0% (0/2)" />
			<line number="333"  hits="0"  branch="false" />
			<line number="345"  hits="0"  branch="true"  condition-coverage="0% (0/4)" />
			<line number="346"  hits="0"  branch="false" />
			<line number="349"  hits="0"  branch="false" />
			<line number="350"  hits="0"  branch="false" />
			<line number="352"  hits="0"  branch="true"  condition-coverage="0% (0/4)" />
			<line number="353"  hits="0"  branch="false" />
			<line number="354"  hits="0"  branch="false" />
			<line number="357"  hits="0"  branch="false" />
			<line number="361"  hits="1"  branch="false" />
			<line number="364"  hits="0"  branch="false" />
			<line number="365"  hits="0"  branch="true"  condition-coverage="0% (0/2)" />
			<line number="366"  hits="0"  branch="false" />
			<line number="369"  hits="0"  branch="false" />
			<line number="370"  hits="0"  branch="true"  condition-coverage="0% (0/3)" />
			<line number="374"  hits="0"  branch="false" />
			<line number="375"  hits="0"  branch="true"  condition-coverage="0% (0/2)" />
			<line number="376"  hits="0"  branch="false" />
			<line number="377"  hits="0"  branch="false" />
			<line number="378"  hits="0"  branch="false" />
			<line number="381"  hits="0"  branch="false" />
			<line number="382"  hits="0"  branch="false" />
			<line number="383"  hits="0"  branch="true"  condition-coverage="0% (0/2)" />
			<line number="384"  hits="0"  branch="false" />
			<line number="387"  hits="0"  branch="false" />
			<line number="394"  hits="0"  branch="false" />
			<line number="395"  hits="0"  branch="false" />
			<line number="396"  hits="0"  branch="false" />
			<line number="397"  hits="0"  branch="true"  condition-coverage="0% (0/4)" />
			<line number="398"  hits="0"  branch="false" />
			<line number="399"  hits="0"  branch="false" />
			<line number="403"  hits="1"  branch="false" />
			<line number="404"  hits="0"  branch="false" />
			<line number="405"  hits="0"  branch="false" />
			<line number="406"  hits="0"  branch="true"  condition-coverage="0% (0/4)" />
			<line number="407"  hits="0"  branch="true"  condition-coverage="0% (0/2)" />
			<line number="408"  hits="0"  branch="false" />
			<line number="410"  hits="0"  branch="false" />
			<line number="412"  hits="0"  branch="false" />
			<line number="415"  hits="0"  branch="false" />
			<line number="418"  hits="0"  branch="false" />
			<line number="422"  hits="1"  branch="false" />
			<line number="423"  hits="0"  branch="false" />
			<line number="424"  hits="0"  branch="false" />
			<line number="425"  hits="0"  branch="true"  condition-coverage="0% (0/2)" />
			<line number="428"  hits="0"  branch="false" />
			<line number="429"  hits="1"  branch="false" />
			<line number="430"  hits="0"  branch="true"  condition-coverage="0% (0/2)" />
			<line number="431"  hits="0"  branch="true"  condition-coverage="0% (0/2)" />
			<line number="432"  hits="0"  branch="true"  condition-coverage="0% (0/2)" />
			<line number="433"  hits="0"  branch="false" />
			<line number="435"  hits="0"  branch="false" />
			<line number="441"  hits="0"  branch="false" />
			<line number="442"  hits="0"  branch="false" />
			<line number="443"  hits="0"  branch="false" />
			<line number="445"  hits="0"  branch="true"  condition-coverage="0% (0/4)" />
			<line number="447"  hits="0"  branch="false" />
			<line number="448"  hits="0"  branch="false" />
			<line number="450"  hits="0"  branch="true"  condition-coverage="0% (0/2)" />
			<line number="451"  hits="0"  branch="false" />
			<line number="453"  hits="0"  branch="true"  condition-coverage="0% (0/2)" />
			<line number="454"  hits="0"  branch="false" />
			<line number="456"  hits="0"  branch="false" />
			<line number="457"  hits="0"  branch="false" />
			<line number="461"  hits="0"  branch="true"  condition-coverage="0% (0/4)" />
			<line number="462"  hits="0"  branch="false" />
			<line number="466"  hits="0"  branch="false" />
			<line number="473"  hits="0"  branch="false" />
			<line number="474"  hits="0"  branch="false" />
			<line number="475"  hits="0"  branch="false" />
			<line number="476"  hits="0"  branch="false" />
			<line number="480"  hits="0"  branch="false" />
			<line number="481"  hits="0"  branch="false" />
			<line number="482"  hits="0"  branch="false" />
			<line number="483"  hits="0"  branch="false" />
			<line number="487"  hits="0"  branch="true"  condition-coverage="0% (0/2)" />
			<line number="488"  hits="0"  branch="false" />
			<line number="489"  hits="0"  branch="true"  condition-coverage="0% (0/2)" />
			<line number="491"  hits="0"  branch="false" />
			<line number="493"  hits="0"  branch="true"  condition-coverage="0% (0/2)" />
			<line number="494"  hits="0"  branch="false" />
			<line number="495"  hits="0"  branch="true"  condition-coverage="0% (0/2)" />
			<line number="497"  hits="0"  branch="false" />
			<line number="522"  hits="0"  branch="false" />
			<line number="553"  hits="0"  branch="false" />
			<line number="554"  hits="0"  branch="false" />
			<line number="555"  hits="0"  branch="false" />
			<line number="556"  hits="0"  branch="false" />
			<line number="557"  hits="0"  branch="false" />
			<line number="589"  hits="0"  branch="false" />
			<line number="590"  hits="0"  branch="false" />
			<line number="591"  hits="0"  branch="false" />
			<line number="592"  hits="0"  branch="false" />
			<line number="593"  hits="0"  branch="false" />
			<line number="629"  hits="0"  branch="false" />
			<line number="630"  hits="0"  branch="false" />
			<line number="631"  hits="0"  branch="false" />
			<line number="632"  hits="0"  branch="false" />
			<line number="633"  hits="0"  branch="false" />
			<line number="634"  hits="0"  branch="false" />
			<line number="668"  hits="0"  branch="false" />
			<line number="669"  hits="0"  branch="false" />
			<line number="670"  hits="0"  branch="false" />
			<line number="704"  hits="0"  branch="false" />
			<line number="705"  hits="0"  branch="false" />
			<line number="706"  hits="0"  branch="false" />
			<line number="725"  hits="0"  branch="false" />
			<line number="726"  hits="0"  branch="false" />
			<line number="727"  hits="0"  branch="false" />
			<line number="745"  hits="0"  branch="true"  condition-coverage="0% (0/3)" />
			<line number="747"  hits="0"  branch="true"  condition-coverage="0% (0/2)" />
			<line number="748"  hits="0"  branch="false" />
			<line number="750"  hits="0"  branch="true"  condition-coverage="0% (0/2)" />
			<line number="751"  hits="0"  branch="false" />
			<line number="752"  hits="0"  branch="false" />
			<line number="754"  hits="0"  branch="false" />
			<line number="757"  hits="0"  branch="false" />
			<line number="758"  hits="0"  branch="false" />
			<line number="761"  hits="0"  branch="false" />
			<line number="762"  hits="0"  branch="false" />
			<line number="764"  hits="0"  branch="false" />
			<line number="775"  hits="1"  branch="false" />
			<line number="777"  hits="0"  branch="false" />
			<line number="778"  hits="0"  branch="true"  condition-coverage="0% (0/2)" />
			<line number="779"  hits="0"  branch="false" />
			<line number="780"  hits="0"  branch="false" />
			<line number="781"  hits="0"  branch="false" />
			<line number="782"  hits="0"  branch="false" />
			<line number="783"  hits="0"  branch="false" />
			<line number="786"  hits="0"  branch="false" />
			<line number="787"  hits="0"  branch="false" />
			<line number="788"  hits="0"  branch="true"  condition-coverage="0% (0/2)" />
			<line number="790"  hits="0"  branch="true"  condition-coverage="0% (0/2)" />
			<line number="791"  hits="0"  branch="true"  condition-coverage="0% (0/2)" />
			<line number="794"  hits="0"  branch="true"  condition-coverage="0% (0/2)" />
			<line number="795"  hits="0"  branch="true"  condition-coverage="0% (0/2)" />
			<line number="796"  hits="0"  branch="true"  condition-coverage="0% (0/2)" />
			<line number="797"  hits="0"  branch="false" />
			<line number="801"  hits="0"  branch="true"  condition-coverage="0% (0/2)" />
			<line number="809"  hits="0"  branch="true"  condition-coverage="0% (0/4)" />
			<line number="810"  hits="0"  branch="false" />
			<line number="811"  hits="0"  branch="false" />
			<line number="812"  hits="0"  branch="false" />
			<line number="813"  hits="0"  branch="false" />
			<line number="814"  hits="0"  branch="false" />
			<line number="817"  hits="0"  branch="false" />
			<line number="818"  hits="0"  branch="true"  condition-coverage="0% (0/2)" />
			<line number="819"  hits="0"  branch="false" />
			<line number="820"  hits="0"  branch="true"  condition-coverage="0% (0/2)" />
			<line number="821"  hits="0"  branch="true"  condition-coverage="0% (0/4)" />
			<line number="822"  hits="0"  branch="false" />
			<line number="825"  hits="0"  branch="false" />
			<line number="826"  hits="0"  branch="false" />
			<line number="827"  hits="0"  branch="false" />
			<line number="829"  hits="0"  branch="false" />
			<line number="830"  hits="0"  branch="false" />
			<line number="832"  hits="0"  branch="true"  condition-coverage="0% (0/2)" />
			<line number="833"  hits="0"  branch="false" />
			<line number="834"  hits="0"  branch="false" />
			<line number="836"  hits="0"  branch="true"  condition-coverage="0% (0/2)" />
			<line number="837"  hits="0"  branch="false" />
			<line number="838"  hits="0"  branch="true"  condition-coverage="0% (0/2)" />
			<line number="839"  hits="0"  branch="false" />
			<line number="841"  hits="0"  branch="false" />
			<line number="842"  hits="0"  branch="false" />
			<line number="846"  hits="0"  branch="true"  condition-coverage="0% (0/2)" />
			<line number="847"  hits="0"  branch="false" />
			<line number="848"  hits="0"  branch="false" />
			<line number="853"  hits="0"  branch="true"  condition-coverage="0% (0/5)" />
			<line number="854"  hits="0"  branch="false" />
			<line number="857"  hits="0"  branch="true"  condition-coverage="0% (0/2)" />
			<line number="858"  hits="0"  branch="false" />
			<line number="859"  hits="0"  branch="false" />
			<line number="860"  hits="0"  branch="false" />
			<line number="861"  hits="0"  branch="false" />
			<line number="864"  hits="0"  branch="true"  condition-coverage="0% (0/2)" />
			<line number="868"  hits="0"  branch="false" />
			<line number="869"  hits="0"  branch="false" />
			<line number="870"  hits="0"  branch="false" />
			<line number="871"  hits="0"  branch="true"  condition-coverage="0% (0/2)" />
			<line number="872"  hits="0"  branch="false" />
			<line number="873"  hits="0"  branch="true"  condition-coverage="0% (0/2)" />
			<line number="874"  hits="0"  branch="false" />
			<line number="875"  hits="0"  branch="false" />
			<line number="883"  hits="0"  branch="false" />
			<line number="885"  hits="0"  branch="false" />
			<line number="886"  hits="0"  branch="false" />
			<line number="887"  hits="0"  branch="false" />
			<line number="889"  hits="0"  branch="false" />
			<line number="898"  hits="0"  branch="false" />
			<line number="899"  hits="0"  branch="false" />
			<line number="900"  hits="0"  branch="false" />
			<line number="901"  hits="0"  branch="true"  condition-coverage="0% (0/5)" />
			<line number="905"  hits="0"  branch="false" />
			<line number="906"  hits="0"  branch="true"  condition-coverage="0% (0/2)" />
			<line number="907"  hits="0"  branch="false" />
			<line number="909"  hits="0"  branch="false" />
			<line number="910"  hits="0"  branch="false" />
			<line number="914"  hits="1"  branch="false" />
			<line number="915"  hits="0"  branch="false" />
			<line number="916"  hits="0"  branch="true"  condition-coverage="0% (0/5)" />
			<line number="917"  hits="0"  branch="false" />
			<line number="918"  hits="0"  branch="false" />
			<line number="926"  hits="1"  branch="false" />
			<line number="927"  hits="0"  branch="false" />
			<line number="930"  hits="1"  branch="false" />
			<line number="931"  hits="0"  branch="false" />
			<line number="934"  hits="1"  branch="false" />
			<line number="935"  hits="0"  branch="false" />
			<line number="936"  hits="0"  branch="true"  condition-coverage="0% (0/2)" />
			<line number="937"  hits="0"  branch="false" />
			<line number="938"  hits="0"  branch="false" />
			<line number="945"  hits="1"  branch="false" />
			<line number="946"  hits="0"  branch="true"  condition-coverage="0% (0/2)" />
			<line number="947"  hits="0"  branch="false" />
			<line number="948"  hits="0"  branch="false" />
			<line number="952"  hits="1"  branch="false" />
			<line number="953"  hits="0"  branch="true"  condition-coverage="0% (0/2)" />
			<line number="954"  hits="0"  branch="false" />
			<line number="955"  hits="0"  branch="false" />
			<line number="956"  hits="0"  branch="true"  condition-coverage="0% (0/2)" />
			<line number="961"  hits="0"  branch="true"  condition-coverage="0% (0/4)" />
			<line number="962"  hits="0"  branch="false" />
			<line number="964"  hits="0"  branch="false" />
			<line number="965"  hits="0"  branch="true"  condition-coverage="0% (0/2)" />
			<line number="966"  hits="0"  branch="true"  condition-coverage="0% (0/2)" />
			<line number="967"  hits="0"  branch="false" />
			<line number="970"  hits="0"  branch="false" />
			<line number="973"  hits="0"  branch="false" />
			<line number="978"  hits="1"  branch="false" />
			<line number="979"  hits="0"  branch="false" />
			<line number="980"  hits="0"  branch="true"  condition-coverage="0% (0/2)" />
			<line number="981"  hits="0"  branch="true"  condition-coverage="0% (0/2)" />
			<line number="984"  hits="0"  branch="false" />
			<line number="985"  hits="0"  branch="false" />
			<line number="986"  hits="0"  branch="false" />
			<line number="987"  hits="0"  branch="true"  condition-coverage="0% (0/4)" />
			<line number="988"  hits="0"  branch="false" />
			<line number="989"  hits="0"  branch="false" />
			<line number="996"  hits="1"  branch="false" />
			<line number="997"  hits="0"  branch="true"  condition-coverage="0% (0/2)" />
			<line number="998"  hits="0"  branch="true"  condition-coverage="0% (0/2)" />
			<line number="999"  hits="0"  branch="false" />
			<line number="1000"  hits="0"  branch="false" />
			<line number="1002"  hits="0"  branch="true"  condition-coverage="0% (0/2)" />
			<line number="1003"  hits="0"  branch="true"  condition-coverage="0% (0/2)" />
			<line number="1005"  hits="0"  branch="false" />
			<line number="1006"  hits="0"  branch="true"  condition-coverage="0% (0/5)" />
			<line number="1007"  hits="0"  branch="false" />
			<line number="1008"  hits="0"  branch="false" />
			<line number="1011"  hits="0"  branch="true"  condition-coverage="0% (0/4)" />
			<line number="1012"  hits="0"  branch="false" />
			<line number="1013"  hits="0"  branch="false" />
			<line number="1018"  hits="1"  branch="false" />
			<line number="1019"  hits="0"  branch="true"  condition-coverage="0% (0/2)" />
			<line number="1021"  hits="0"  branch="true"  condition-coverage="0% (0/2)" />
			<line number="1022"  hits="0"  branch="true"  condition-coverage="0% (0/2)" />
			<line number="1025"  hits="0"  branch="false" />
			<line number="1029"  hits="0"  branch="true"  condition-coverage="0% (0/2)" />
			<line number="1031"  hits="0"  branch="false" />
			<line number="1032"  hits="0"  branch="true"  condition-coverage="0% (0/2)" />
			<line number="1033"  hits="0"  branch="true"  condition-coverage="0% (0/4)" />
			<line number="1034"  hits="0"  branch="true"  condition-coverage="0% (0/4)" />
			<line number="1035"  hits="0"  branch="false" />
			<line number="1038"  hits="0"  branch="true"  condition-coverage="0% (0/2)" />
			<line number="1042"  hits="0"  branch="false" />
			<line number="1046"  hits="1"  branch="false" />
			<line number="1049"  hits="0"  branch="false" />
			<line number="1059"  hits="0"  branch="true"  condition-coverage="0% (0/4)" />
			<line number="1060"  hits="0"  branch="false" />
			<line number="1061"  hits="0"  branch="false" />
			<line number="1062"  hits="0"  branch="false" />
			<line number="1064"  hits="0"  branch="false" />
			<line number="1065"  hits="0"  branch="false" />
			<line number="1068"  hits="0"  branch="true"  condition-coverage="0% (0/4)" />
			<line number="1069"  hits="0"  branch="false" />
			<line number="1070"  hits="0"  branch="false" />
			<line number="1071"  hits="0"  branch="false" />
			<line number="1073"  hits="0"  branch="false" />
			<line number="1074"  hits="0"  branch="false" />
			<line number="1077"  hits="0"  branch="false" />
			<line number="1078"  hits="0"  branch="false" />
			<line number="1079"  hits="0"  branch="false" />
			<line number="1080"  hits="0"  branch="false" />
			<line number="1081"  hits="0"  branch="false" />
			<line number="1082"  hits="0"  branch="false" />
			<line number="1083"  hits="0"  branch="false" />
			<line number="1084"  hits="0"  branch="false" />
			<line number="1085"  hits="0"  branch="false" />
			<line number="1086"  hits="0"  branch="false" />
			<line number="1088"  hits="0"  branch="false" />
			<line number="1089"  hits="0"  branch="false" />
			<line number="1090"  hits="0"  branch="false" />
			<line number="1091"  hits="0"  branch="false" />
			<line number="1092"  hits="1"  branch="false" />
			<line number="1093"  hits="0"  branch="true"  condition-coverage="0% (0/2)" />
			<line number="1094"  hits="0"  branch="false" />
			<line number="1096"  hits="0"  branch="false" />
			<line number="1097"  hits="0"  branch="false" />
			<line number="1098"  hits="0"  branch="false" />
			<line number="1099"  hits="0"  branch="false" />
			<line number="1102"  hits="0"  branch="false" />
			<line number="1103"  hits="0"  branch="false" />
			<line number="1104"  hits="0"  branch="false" />
			<line number="1108"  hits="0"  branch="false" />
			<line number="1109"  hits="0"  branch="false" />
			<line number="1110"  hits="0"  branch="false" />
			<line number="1111"  hits="1"  branch="false" />
			<line number="1112"  hits="0"  branch="false" />
			<line number="1113"  hits="0"  branch="false" />
			<line number="1117"  hits="0"  branch="false" />
			<line number="1121"  hits="0"  branch="false" />
			<line number="1122"  hits="0"  branch="true"  condition-coverage="0% (0/2)" />
			<line number="1123"  hits="0"  branch="false" />
			<line number="1126"  hits="0"  branch="false" />
			<line number="1128"  hits="0"  branch="false" />
			<line number="1129"  hits="0"  branch="false" />
			<line number="1130"  hits="0"  branch="false" />
			<line number="1131"  hits="0"  branch="false" />
			<line number="1135"  hits="1"  branch="false" />
			<line number="1136"  hits="0"  branch="false" />
			<line number="1137"  hits="0"  branch="false" />
			<line number="1138"  hits="0"  branch="true"  condition-coverage="0% (0/2)" />
			<line number="1139"  hits="0"  branch="true"  condition-coverage="0% (0/2)" />
			<line number="1144"  hits="1"  branch="false" />
			<line number="1145"  hits="0"  branch="true"  condition-coverage="0% (0/2)" />
			<line number="1146"  hits="0"  branch="true"  condition-coverage="0% (0/2)" />
			<line number="1147"  hits="0"  branch="false" />
			<line number="1148"  hits="0"  branch="false" />
			<line number="1149"  hits="0"  branch="false" />
			<line number="1150"  hits="0"  branch="false" />
			<line number="1151"  hits="0"  branch="false" />
			<line number="1152"  hits="0"  branch="false" />
			<line number="1153"  hits="0"  branch="false" />
			<line number="1154"  hits="0"  branch="false" />
			<line number="1157"  hits="0"  branch="false" />
			<line number="1158"  hits="0"  branch="true"  condition-coverage="0% (0/2)" />
			<line number="1159"  hits="0"  branch="true"  condition-coverage="0% (0/2)" />
			<line number="1161"  hits="0"  branch="false" />
			<line number="1163"  hits="0"  branch="false" />
			<line number="1165"  hits="0"  branch="false" />
			<line number="1167"  hits="0"  branch="false" />
			<line number="1169"  hits="0"  branch="false" />
			<line number="1171"  hits="0"  branch="false" />
			<line number="1173"  hits="0"  branch="false" />
			<line number="1175"  hits="0"  branch="false" />
			<line number="1177"  hits="0"  branch="true"  condition-coverage="0% (0/2)" />
			<line number="1178"  hits="0"  branch="true"  condition-coverage="0% (0/2)" />
			<line number="1181"  hits="0"  branch="false" />
			<line number="1184"  hits="0"  branch="false" />
			<line number="1195"  hits="0"  branch="true"  condition-coverage="0% (0/2)" />
			<line number="1196"  hits="0"  branch="false" />
			<line number="1199"  hits="0"  branch="false" />
			<line number="1202"  hits="1"  branch="false" />
			<line number="1203"  hits="0"  branch="false" />
			<line number="1204"  hits="0"  branch="true"  condition-coverage="0% (0/2)" />
			<line number="1207"  hits="0"  branch="false" />
			<line number="1208"  hits="0"  branch="true"  condition-coverage="0% (0/2)" />
			<line number="1210"  hits="0"  branch="false" />
			<line number="1213"  hits="1"  branch="false" />
			<line number="1214"  hits="0"  branch="false" />
			<line number="1215"  hits="0"  branch="false" />
			<line number="1216"  hits="0"  branch="true"  condition-coverage="0% (0/2)" />
			<line number="1217"  hits="0"  branch="false" />
			<line number="1218"  hits="0"  branch="false" />
			<line number="1220"  hits="0"  branch="false" />
			<line number="1223"  hits="1"  branch="false" />
			<line number="1224"  hits="0"  branch="false" />
			<line number="1225"  hits="0"  branch="false" />
			<line number="1226"  hits="0"  branch="true"  condition-coverage="0% (0/2)" />
			<line number="1228"  hits="0"  branch="false" />
			<line number="1229"  hits="0"  branch="true"  condition-coverage="0% (0/2)" />
			<line number="1230"  hits="0"  branch="false" />
			<line number="1231"  hits="0"  branch="false" />
			<line number="1232"  hits="0"  branch="false" />
			<line number="1234"  hits="0"  branch="true"  condition-coverage="0% (0/2)" />
			<line number="1236"  hits="0"  branch="false" />
			<line number="1238"  hits="0"  branch="true"  condition-coverage="0% (0/2)" />
			<line number="1243"  hits="0"  branch="true"  condition-coverage="0% (0/2)" />
			<line number="1244"  hits="0"  branch="false" />
			<line number="1246"  hits="0"  branch="false" />
			<line number="1248"  hits="0"  branch="true"  condition-coverage="0% (0/2)" />
			<line number="1250"  hits="0"  branch="false" />
			<line number="1251"  hits="0"  branch="false" />
			<line number="1254"  hits="0"  branch="false" />
			<line number="1255"  hits="0"  branch="false" />
			<line number="1256"  hits="0"  branch="true"  condition-coverage="0% (0/4)" />
			<line number="1257"  hits="0"  branch="false" />
			<line number="1258"  hits="0"  branch="false" />
			<line number="1261"  hits="0"  branch="false" />
			<line number="1271"  hits="0"  branch="true"  condition-coverage="0% (0/2)" />
			<line number="1272"  hits="0"  branch="true"  condition-coverage="0% (0/2)" />
			<line number="1273"  hits="0"  branch="false" />
			<line number="1282"  hits="0"  branch="true"  condition-coverage="0% (0/5)" />
			<line number="1283"  hits="0"  branch="false" />
			<line number="1286"  hits="0"  branch="false" />
			<line number="1289"  hits="1"  branch="false" />
			<line number="1290"  hits="0"  branch="true"  condition-coverage="0% (0/3)" />
			<line number="1293"  hits="1"  branch="false" />
			<line number="1294"  hits="0"  branch="true"  condition-coverage="0% (0/4)" />
			<line number="1295"  hits="0"  branch="false" />
			<line number="1297"  hits="0"  branch="false" />
			<line number="1301"  hits="1"  branch="false" />
			<line number="1302"  hits="0"  branch="false" />
			<line number="1305"  hits="1"  branch="false" />
			<line number="1306"  hits="0"  branch="false" />
			<line number="1307"  hits="0"  branch="false" />
			<line number="1308"  hits="0"  branch="true"  condition-coverage="0% (0/4)" />
			<line number="1309"  hits="0"  branch="false" />
			<line number="1311"  hits="0"  branch="false" />
			<line number="1314"  hits="1"  branch="false" />
			<line number="1315"  hits="0"  branch="false" />
			<line number="1316"  hits="0"  branch="false" />
			<line number="1317"  hits="0"  branch="true"  condition-coverage="0% (0/4)" />
			<line number="1318"  hits="0"  branch="false" />
			<line number="1322"  hits="1"  branch="false" />
			<line number="1323"  hits="0"  branch="false" />
			<line number="1324"  hits="0"  branch="false" />
			<line number="1325"  hits="0"  branch="true"  condition-coverage="0% (0/4)" />
			<line number="1326"  hits="0"  branch="false" />
			<line number="1327"  hits="0"  branch="false" />
			<line number="1330"  hits="0"  branch="false" />
			<line number="1331"  hits="0"  branch="false" />
			<line number="1332"  hits="0"  branch="true"  condition-coverage="0% (0/2)" />
			<line number="1335"  hits="0"  branch="false" />
			<line number="1336"  hits="0"  branch="false" />
			<line number="1337"  hits="0"  branch="false" />
			<line number="1338"  hits="0"  branch="false" />
			<line number="1339"  hits="0"  branch="false" />
			<line number="1340"  hits="0"  branch="false" />
			<line number="1342"  hits="0"  branch="false" />
			<line number="1343"  hits="0"  branch="false" />
			<line number="1345"  hits="0"  branch="false" />
			<line number="1346"  hits="0"  branch="true"  condition-coverage="0% (0/2)" />
			<line number="1347"  hits="0"  branch="false" />
			<line number="1348"  hits="0"  branch="true"  condition-coverage="0% (0/2)" />
			<line number="1349"  hits="0"  branch="false" />
			<line number="1350"  hits="0"  branch="false" />
			<line number="1351"  hits="0"  branch="false" />
			<line number="1352"  hits="0"  branch="false" />
			<line number="1356"  hits="0"  branch="true"  condition-coverage="0% (0/2)" />
			<line number="1357"  hits="0"  branch="true"  condition-coverage="0% (0/4)" />
			<line number="1358"  hits="0"  branch="false" />
			<line number="1359"  hits="0"  branch="false" />
			<line number="1361"  hits="0"  branch="false" />
			<line number="1364"  hits="0"  branch="true"  condition-coverage="0% (0/4)" />
			<line number="1365"  hits="0"  branch="false" />
			<line number="1367"  hits="0"  branch="false" />
			<line number="1371"  hits="0"  branch="true"  condition-coverage="0% (0/2)" />
			<line number="1375"  hits="0"  branch="true"  condition-coverage="0% (0/2)" />
			<line number="1376"  hits="0"  branch="false" />
			<line number="1379"  hits="0"  branch="false" />
			<line number="1380"  hits="0"  branch="false" />
			<line number="1381"  hits="0"  branch="false" />
			<line number="1382"  hits="0"  branch="false" />
			<line number="1383"  hits="0"  branch="false" />
			<line number="1386"  hits="0"  branch="true"  condition-coverage="0% (0/2)" />
			<line number="1387"  hits="0"  branch="false" />
			<line number="1388"  hits="0"  branch="false" />
			<line number="1390"  hits="0"  branch="false" />
			<line number="1391"  hits="0"  branch="false" />
			<line number="1392"  hits="0"  branch="false" />
			<line number="1397"  hits="1"  branch="false" />
			<line number="1398"  hits="0"  branch="false" />
			<line number="1399"  hits="0"  branch="false" />
			<line number="1400"  hits="0"  branch="false" />
			<line number="1401"  hits="0"  branch="false" />
			<line number="1402"  hits="0"  branch="false" />
			<line number="1403"  hits="0"  branch="false" />
			<line number="1407"  hits="1"  branch="false" />
			<line number="1408"  hits="0"  branch="false" />
			<line number="1409"  hits="0"  branch="true"  condition-coverage="0% (0/2)" />
			<line number="1410"  hits="0"  branch="true"  condition-coverage="0% (0/3)" />
			<line number="1414"  hits="0"  branch="false" />
			<line number="1423"  hits="0"  branch="true"  condition-coverage="0% (0/4)" />
			<line number="1424"  hits="0"  branch="false" />
			<line number="1429"  hits="1"  branch="false" />
			<line number="1430"  hits="0"  branch="false" />
			<line number="1431"  hits="0"  branch="false" />
			<line number="1432"  hits="0"  branch="true"  condition-coverage="0% (0/2)" />
			<line number="1435"  hits="0"  branch="false" />
			<line number="1438"  hits="1"  branch="false" />
			<line number="1439"  hits="0"  branch="true"  condition-coverage="0% (0/2)" />
			<line number="1440"  hits="0"  branch="false" />
			<line number="1441"  hits="0"  branch="true"  condition-coverage="0% (0/2)" />
			<line number="1446"  hits="1"  branch="false" />
			<line number="1447"  hits="0"  branch="true"  condition-coverage="0% (0/2)" />
			<line number="1448"  hits="0"  branch="false" />
			<line number="1450"  hits="0"  branch="false" />
			<line number="1451"  hits="0"  branch="false" />
			<line number="1455"  hits="1"  branch="false" />
			<line number="1459"  hits="0"  branch="false" />
			<line number="1460"  hits="0"  branch="true"  condition-coverage="0% (0/2)" />
			<line number="1461"  hits="0"  branch="false" />
			<line number="1462"  hits="0"  branch="false" />
			<line number="1470"  hits="0"  branch="false" />
			<line number="1471"  hits="0"  branch="false" />
			<line number="1472"  hits="0"  branch="false" />
			<line number="1473"  hits="0"  branch="false" />
			<line number="1477"  hits="0"  branch="false" />
			<line number="1480"  hits="0"  branch="false" />
			<line number="1481"  hits="0"  branch="true"  condition-coverage="0% (0/2)" />
			<line number="1485"  hits="1"  branch="false" />
			<line number="1486"  hits="0"  branch="false" />
			<line number="1487"  hits="0"  branch="false" />
			<line number="1488"  hits="0"  branch="true"  condition-coverage="0% (0/2)" />
			<line number="1489"  hits="0"  branch="true"  condition-coverage="0% (0/2)" />
			<line number="1490"  hits="0"  branch="false" />
			<line number="1492"  hits="0"  branch="true"  condition-coverage="0% (0/4)" />
			<line number="1493"  hits="0"  branch="false" />
			<line number="1498"  hits="0"  branch="false" />
			<line number="1500"  hits="0"  branch="false" />
			<line number="1504"  hits="0"  branch="false" />
			<line number="1508"  hits="0"  branch="false" />
			<line number="1512"  hits="0"  branch="false" />
			<line number="1514"  hits="0"  branch="false" />
			<line number="1519"  hits="0"  branch="false" />
			<line number="1520"  hits="0"  branch="false" />
			<line number="1521"  hits="0"  branch="false" />
			<line number="1522"  hits="0"  branch="false" />
			<line number="1523"  hits="0"  branch="false" />
			<line number="1524"  hits="0"  branch="false" />
			<line number="1527"  hits="0"  branch="true"  condition-coverage="0% (0/2)" />
			<line number="1528"  hits="0"  branch="false" />
			<line number="1529"  hits="0"  branch="false" />
			<line number="1530"  hits="0"  branch="false" />
			<line number="1531"  hits="0"  branch="false" />
			<line number="1533"  hits="0"  branch="false" />
			<line number="1535"  hits="0"  branch="false" />
			<line number="1539"  hits="0"  branch="false" />
			<line number="1545"  hits="0"  branch="false" />
			<line number="1546"  hits="0"  branch="false" />
			<line number="1547"  hits="0"  branch="false" />
			<line number="1548"  hits="0"  branch="false" />
			<line number="1551"  hits="0"  branch="true"  condition-coverage="0% (0/2)" />
			<line number="1552"  hits="0"  branch="false" />
			<line number="1553"  hits="0"  branch="false" />
			<line number="1554"  hits="0"  branch="false" />
			<line number="1555"  hits="0"  branch="false" />
			<line number="1557"  hits="0"  branch="false" />
			<line number="1559"  hits="0"  branch="false" />
			<line number="1563"  hits="0"  branch="false" />
			<line number="1564"  hits="0"  branch="false" />
			<line number="1565"  hits="0"  branch="false" />
			<line number="1566"  hits="0"  branch="false" />
			<line number="1570"  hits="0"  branch="false" />
			<line number="1574"  hits="0"  branch="false" />
			<line number="1579"  hits="0"  branch="false" />
			<line number="1580"  hits="0"  branch="false" />
			<line number="1581"  hits="0"  branch="false" />
			<line number="1582"  hits="0"  branch="false" />
			<line number="1583"  hits="0"  branch="false" />
			<line number="1586"  hits="0"  branch="true"  condition-coverage="0% (0/2)" />
			<line number="1587"  hits="0"  branch="false" />
			<line number="1588"  hits="0"  branch="false" />
			<line number="1589"  hits="0"  branch="false" />
			<line number="1590"  hits="0"  branch="false" />
			<line number="1592"  hits="0"  branch="false" />
			<line number="1594"  hits="0"  branch="false" />
			<line number="1598"  hits="0"  branch="false" />
			<line number="1602"  hits="1"  branch="false" />
			<line number="1603"  hits="0"  branch="false" />
			<line number="1604"  hits="0"  branch="true"  condition-coverage="0% (0/2)" />
			<line number="1605"  hits="0"  branch="false" />
			<line number="1606"  hits="0"  branch="true"  condition-coverage="0% (0/4)" />
			<line number="1607"  hits="0"  branch="true"  condition-coverage="0% (0/2)" />
			<line number="1610"  hits="0"  branch="false" />
		</lines>
		</class>
		<class name="angular-mocks.js"  filename="dist\lib\js\angular-mocks.js"  line-rate="0.2554"  branch-rate="0.0735" >
		<methods>
			<method name="(anonymous_1)"  hits="1"  signature="()V" >
				<lines><line number="6"  hits="1" /></lines>
			</method>
			<method name="(anonymous_2)"  hits="1"  signature="()V" >
				<lines><line number="32"  hits="1" /></lines>
			</method>
			<method name="(anonymous_3)"  hits="1"  signature="()V" >
				<lines><line number="33"  hits="1" /></lines>
			</method>
			<method name="(anonymous_4)"  hits="1"  signature="()V" >
				<lines><line number="38"  hits="1" /></lines>
			</method>
			<method name="(anonymous_5)"  hits="0"  signature="()V" >
				<lines><line number="53"  hits="0" /></lines>
			</method>
			<method name="(anonymous_6)"  hits="0"  signature="()V" >
				<lines><line number="55"  hits="0" /></lines>
			</method>
			<method name="(anonymous_7)"  hits="0"  signature="()V" >
				<lines><line number="71"  hits="0" /></lines>
			</method>
			<method name="(anonymous_8)"  hits="0"  signature="()V" >
				<lines><line number="74"  hits="0" /></lines>
			</method>
			<method name="(anonymous_9)"  hits="0"  signature="()V" >
				<lines><line number="88"  hits="0" /></lines>
			</method>
			<method name="(anonymous_10)"  hits="0"  signature="()V" >
				<lines><line number="91"  hits="0" /></lines>
			</method>
			<method name="(anonymous_11)"  hits="0"  signature="()V" >
				<lines><line number="112"  hits="0" /></lines>
			</method>
			<method name="(anonymous_12)"  hits="0"  signature="()V" >
				<lines><line number="129"  hits="0" /></lines>
			</method>
			<method name="poll"  hits="0"  signature="()V" >
				<lines><line number="141"  hits="0" /></lines>
			</method>
			<method name="(anonymous_14)"  hits="0"  signature="()V" >
				<lines><line number="142"  hits="0" /></lines>
			</method>
			<method name="(anonymous_15)"  hits="0"  signature="()V" >
				<lines><line number="147"  hits="0" /></lines>
			</method>
			<method name="(anonymous_16)"  hits="0"  signature="()V" >
				<lines><line number="152"  hits="0" /></lines>
			</method>
			<method name="(anonymous_17)"  hits="0"  signature="()V" >
				<lines><line number="161"  hits="0" /></lines>
			</method>
			<method name="(anonymous_18)"  hits="0"  signature="()V" >
				<lines><line number="180"  hits="0" /></lines>
			</method>
			<method name="(anonymous_19)"  hits="1"  signature="()V" >
				<lines><line number="229"  hits="1" /></lines>
			</method>
			<method name="(anonymous_20)"  hits="1"  signature="()V" >
				<lines><line number="249"  hits="1" /></lines>
			</method>
			<method name="(anonymous_21)"  hits="0"  signature="()V" >
				<lines><line number="252"  hits="0" /></lines>
			</method>
			<method name="(anonymous_22)"  hits="0"  signature="()V" >
				<lines><line number="259"  hits="0" /></lines>
			</method>
			<method name="(anonymous_23)"  hits="1"  signature="()V" >
				<lines><line number="274"  hits="1" /></lines>
			</method>
			<method name="(anonymous_24)"  hits="1"  signature="()V" >
				<lines><line number="292"  hits="1" /></lines>
			</method>
			<method name="concat"  hits="0"  signature="()V" >
				<lines><line number="295"  hits="0" /></lines>
			</method>
			<method name="(anonymous_26)"  hits="0"  signature="()V" >
				<lines><line number="299"  hits="0" /></lines>
			</method>
			<method name="(anonymous_27)"  hits="1"  signature="()V" >
				<lines><line number="308"  hits="1" /></lines>
			</method>
			<method name="(anonymous_28)"  hits="0"  signature="()V" >
				<lines><line number="310"  hits="0" /></lines>
			</method>
			<method name="(anonymous_29)"  hits="0"  signature="()V" >
				<lines><line number="311"  hits="0" /></lines>
			</method>
			<method name="(anonymous_30)"  hits="0"  signature="()V" >
				<lines><line number="312"  hits="0" /></lines>
			</method>
			<method name="(anonymous_31)"  hits="0"  signature="()V" >
				<lines><line number="313"  hits="0" /></lines>
			</method>
			<method name="(anonymous_32)"  hits="0"  signature="()V" >
				<lines><line number="314"  hits="0" /></lines>
			</method>
			<method name="(anonymous_33)"  hits="1"  signature="()V" >
				<lines><line number="328"  hits="1" /></lines>
			</method>
			<method name="(anonymous_34)"  hits="0"  signature="()V" >
				<lines><line number="409"  hits="0" /></lines>
			</method>
			<method name="(anonymous_35)"  hits="0"  signature="()V" >
				<lines><line number="411"  hits="0" /></lines>
			</method>
			<method name="(anonymous_36)"  hits="0"  signature="()V" >
				<lines><line number="412"  hits="0" /></lines>
			</method>
			<method name="(anonymous_37)"  hits="0"  signature="()V" >
				<lines><line number="413"  hits="0" /></lines>
			</method>
			<method name="(anonymous_38)"  hits="1"  signature="()V" >
				<lines><line number="452"  hits="1" /></lines>
			</method>
			<method name="(anonymous_39)"  hits="0"  signature="()V" >
				<lines><line number="454"  hits="0" /></lines>
			</method>
			<method name="(anonymous_40)"  hits="0"  signature="()V" >
				<lines><line number="459"  hits="0" /></lines>
			</method>
			<method name="tick"  hits="0"  signature="()V" >
				<lines><line number="470"  hits="0" /></lines>
			</method>
			<method name="(anonymous_42)"  hits="0"  signature="()V" >
				<lines><line number="477"  hits="0" /></lines>
			</method>
			<method name="(anonymous_43)"  hits="0"  signature="()V" >
				<lines><line number="496"  hits="0" /></lines>
			</method>
			<method name="(anonymous_44)"  hits="0"  signature="()V" >
				<lines><line number="511"  hits="0" /></lines>
			</method>
			<method name="(anonymous_45)"  hits="0"  signature="()V" >
				<lines><line number="515"  hits="0" /></lines>
			</method>
			<method name="(anonymous_46)"  hits="0"  signature="()V" >
				<lines><line number="539"  hits="0" /></lines>
			</method>
			<method name="(anonymous_47)"  hits="0"  signature="()V" >
				<lines><line number="545"  hits="0" /></lines>
			</method>
			<method name="jsonStringToDate"  hits="0"  signature="()V" >
				<lines><line number="562"  hits="0" /></lines>
			</method>
			<method name="int"  hits="0"  signature="()V" >
				<lines><line number="582"  hits="0" /></lines>
			</method>
			<method name="padNumber"  hits="0"  signature="()V" >
				<lines><line number="586"  hits="0" /></lines>
			</method>
			<method name="(anonymous_51)"  hits="0"  signature="()V" >
				<lines><line number="637"  hits="0" /></lines>
			</method>
			<method name="(anonymous_52)"  hits="0"  signature="()V" >
				<lines><line number="658"  hits="0" /></lines>
			</method>
			<method name="(anonymous_53)"  hits="0"  signature="()V" >
				<lines><line number="662"  hits="0" /></lines>
			</method>
			<method name="(anonymous_54)"  hits="0"  signature="()V" >
				<lines><line number="666"  hits="0" /></lines>
			</method>
			<method name="(anonymous_55)"  hits="0"  signature="()V" >
				<lines><line number="670"  hits="0" /></lines>
			</method>
			<method name="(anonymous_56)"  hits="0"  signature="()V" >
				<lines><line number="674"  hits="0" /></lines>
			</method>
			<method name="(anonymous_57)"  hits="0"  signature="()V" >
				<lines><line number="678"  hits="0" /></lines>
			</method>
			<method name="(anonymous_58)"  hits="0"  signature="()V" >
				<lines><line number="682"  hits="0" /></lines>
			</method>
			<method name="(anonymous_59)"  hits="0"  signature="()V" >
				<lines><line number="686"  hits="0" /></lines>
			</method>
			<method name="(anonymous_60)"  hits="0"  signature="()V" >
				<lines><line number="690"  hits="0" /></lines>
			</method>
			<method name="(anonymous_61)"  hits="0"  signature="()V" >
				<lines><line number="694"  hits="0" /></lines>
			</method>
			<method name="(anonymous_62)"  hits="0"  signature="()V" >
				<lines><line number="698"  hits="0" /></lines>
			</method>
			<method name="(anonymous_63)"  hits="0"  signature="()V" >
				<lines><line number="702"  hits="0" /></lines>
			</method>
			<method name="(anonymous_64)"  hits="0"  signature="()V" >
				<lines><line number="706"  hits="0" /></lines>
			</method>
			<method name="(anonymous_65)"  hits="0"  signature="()V" >
				<lines><line number="710"  hits="0" /></lines>
			</method>
			<method name="(anonymous_66)"  hits="0"  signature="()V" >
				<lines><line number="714"  hits="0" /></lines>
			</method>
			<method name="(anonymous_67)"  hits="0"  signature="()V" >
				<lines><line number="718"  hits="0" /></lines>
			</method>
			<method name="(anonymous_68)"  hits="0"  signature="()V" >
				<lines><line number="722"  hits="0" /></lines>
			</method>
			<method name="(anonymous_69)"  hits="0"  signature="()V" >
				<lines><line number="726"  hits="0" /></lines>
			</method>
			<method name="(anonymous_70)"  hits="0"  signature="()V" >
				<lines><line number="732"  hits="0" /></lines>
			</method>
			<method name="(anonymous_71)"  hits="0"  signature="()V" >
				<lines><line number="751"  hits="0" /></lines>
			</method>
			<method name="(anonymous_72)"  hits="0"  signature="()V" >
				<lines><line number="752"  hits="0" /></lines>
			</method>
			<method name="(anonymous_73)"  hits="0"  signature="()V" >
				<lines><line number="766"  hits="0" /></lines>
			</method>
			<method name="(anonymous_74)"  hits="0"  signature="()V" >
				<lines><line number="769"  hits="0" /></lines>
			</method>
			<method name="cancel"  hits="0"  signature="()V" >
				<lines><line number="772"  hits="0" /></lines>
			</method>
			<method name="(anonymous_76)"  hits="0"  signature="()V" >
				<lines><line number="777"  hits="0" /></lines>
			</method>
			<method name="(anonymous_77)"  hits="0"  signature="()V" >
				<lines><line number="781"  hits="0" /></lines>
			</method>
			<method name="(anonymous_78)"  hits="0"  signature="()V" >
				<lines><line number="784"  hits="0" /></lines>
			</method>
			<method name="(anonymous_79)"  hits="0"  signature="()V" >
				<lines><line number="785"  hits="0" /></lines>
			</method>
			<method name="(anonymous_80)"  hits="0"  signature="()V" >
				<lines><line number="793"  hits="0" /></lines>
			</method>
			<method name="(anonymous_81)"  hits="0"  signature="()V" >
				<lines><line number="794"  hits="0" /></lines>
			</method>
			<method name="(anonymous_82)"  hits="0"  signature="()V" >
				<lines><line number="826"  hits="0" /></lines>
			</method>
			<method name="serialize"  hits="0"  signature="()V" >
				<lines><line number="829"  hits="0" /></lines>
			</method>
			<method name="(anonymous_84)"  hits="0"  signature="()V" >
				<lines><line number="835"  hits="0" /></lines>
			</method>
			<method name="(anonymous_85)"  hits="0"  signature="()V" >
				<lines><line number="841"  hits="0" /></lines>
			</method>
			<method name="serializeScope"  hits="0"  signature="()V" >
				<lines><line number="862"  hits="0" /></lines>
			</method>
			<method name="(anonymous_87)"  hits="1"  signature="()V" >
				<lines><line number="1075"  hits="1" /></lines>
			</method>
			<method name="createHttpBackendMock"  hits="0"  signature="()V" >
				<lines><line number="1093"  hits="0" /></lines>
			</method>
			<method name="createResponse"  hits="0"  signature="()V" >
				<lines><line number="1100"  hits="0" /></lines>
			</method>
			<method name="(anonymous_90)"  hits="0"  signature="()V" >
				<lines><line number="1103"  hits="0" /></lines>
			</method>
			<method name="$httpBackend"  hits="0"  signature="()V" >
				<lines><line number="1111"  hits="0" /></lines>
			</method>
			<method name="prettyPrint"  hits="0"  signature="()V" >
				<lines><line number="1116"  hits="0" /></lines>
			</method>
			<method name="wrapResponse"  hits="0"  signature="()V" >
				<lines><line number="1122"  hits="0" /></lines>
			</method>
			<method name="handleResponse"  hits="0"  signature="()V" >
				<lines><line number="1127"  hits="0" /></lines>
			</method>
			<method name="handleTimeout"  hits="0"  signature="()V" >
				<lines><line number="1134"  hits="0" /></lines>
			</method>
			<method name="(anonymous_96)"  hits="0"  signature="()V" >
				<lines><line number="1204"  hits="0" /></lines>
			</method>
			<method name="(anonymous_97)"  hits="0"  signature="()V" >
				<lines><line number="1207"  hits="0" /></lines>
			</method>
			<method name="(anonymous_98)"  hits="0"  signature="()V" >
				<lines><line number="1213"  hits="0" /></lines>
			</method>
			<method name="(anonymous_99)"  hits="0"  signature="()V" >
				<lines><line number="1322"  hits="0" /></lines>
			</method>
			<method name="(anonymous_100)"  hits="0"  signature="()V" >
				<lines><line number="1326"  hits="0" /></lines>
			</method>
			<method name="(anonymous_101)"  hits="0"  signature="()V" >
				<lines><line number="1437"  hits="0" /></lines>
			</method>
			<method name="(anonymous_102)"  hits="0"  signature="()V" >
				<lines><line number="1469"  hits="0" /></lines>
			</method>
			<method name="(anonymous_103)"  hits="0"  signature="()V" >
				<lines><line number="1490"  hits="0" /></lines>
			</method>
			<method name="(anonymous_104)"  hits="0"  signature="()V" >
				<lines><line number="1505"  hits="0" /></lines>
			</method>
			<method name="createShortMethods"  hits="0"  signature="()V" >
				<lines><line number="1513"  hits="0" /></lines>
			</method>
			<method name="(anonymous_106)"  hits="0"  signature="()V" >
				<lines><line number="1514"  hits="0" /></lines>
			</method>
			<method name="(anonymous_107)"  hits="0"  signature="()V" >
				<lines><line number="1515"  hits="0" /></lines>
			</method>
			<method name="(anonymous_108)"  hits="0"  signature="()V" >
				<lines><line number="1520"  hits="0" /></lines>
			</method>
			<method name="(anonymous_109)"  hits="0"  signature="()V" >
				<lines><line number="1521"  hits="0" /></lines>
			</method>
			<method name="MockHttpExpectation"  hits="0"  signature="()V" >
				<lines><line number="1528"  hits="0" /></lines>
			</method>
			<method name="(anonymous_111)"  hits="0"  signature="()V" >
				<lines><line number="1533"  hits="0" /></lines>
			</method>
			<method name="(anonymous_112)"  hits="0"  signature="()V" >
				<lines><line number="1541"  hits="0" /></lines>
			</method>
			<method name="(anonymous_113)"  hits="0"  signature="()V" >
				<lines><line number="1547"  hits="0" /></lines>
			</method>
			<method name="(anonymous_114)"  hits="0"  signature="()V" >
				<lines><line number="1553"  hits="0" /></lines>
			</method>
			<method name="(anonymous_115)"  hits="0"  signature="()V" >
				<lines><line number="1561"  hits="0" /></lines>
			</method>
			<method name="createMockXhr"  hits="0"  signature="()V" >
				<lines><line number="1566"  hits="0" /></lines>
			</method>
			<method name="MockXhr"  hits="0"  signature="()V" >
				<lines><line number="1570"  hits="0" /></lines>
			</method>
			<method name="(anonymous_118)"  hits="0"  signature="()V" >
				<lines><line number="1575"  hits="0" /></lines>
			</method>
			<method name="(anonymous_119)"  hits="0"  signature="()V" >
				<lines><line number="1583"  hits="0" /></lines>
			</method>
			<method name="(anonymous_120)"  hits="0"  signature="()V" >
				<lines><line number="1587"  hits="0" /></lines>
			</method>
			<method name="(anonymous_121)"  hits="0"  signature="()V" >
				<lines><line number="1591"  hits="0" /></lines>
			</method>
			<method name="(anonymous_122)"  hits="0"  signature="()V" >
				<lines><line number="1602"  hits="0" /></lines>
			</method>
			<method name="(anonymous_123)"  hits="0"  signature="()V" >
				<lines><line number="1608"  hits="0" /></lines>
			</method>
			<method name="(anonymous_124)"  hits="0"  signature="()V" >
				<lines><line number="1611"  hits="0" /></lines>
			</method>
			<method name="(anonymous_125)"  hits="0"  signature="()V" >
				<lines><line number="1630"  hits="0" /></lines>
			</method>
			<method name="(anonymous_126)"  hits="0"  signature="()V" >
				<lines><line number="1641"  hits="0" /></lines>
			</method>
			<method name="(anonymous_127)"  hits="0"  signature="()V" >
				<lines><line number="1652"  hits="0" /></lines>
			</method>
			<method name="formatPendingTasksAsString"  hits="0"  signature="()V" >
				<lines><line number="1659"  hits="0" /></lines>
			</method>
			<method name="(anonymous_129)"  hits="0"  signature="()V" >
				<lines><line number="1661"  hits="0" /></lines>
			</method>
			<method name="(anonymous_130)"  hits="0"  signature="()V" >
				<lines><line number="1671"  hits="0" /></lines>
			</method>
			<method name="(anonymous_131)"  hits="0"  signature="()V" >
				<lines><line number="1673"  hits="0" /></lines>
			</method>
			<method name="(anonymous_132)"  hits="0"  signature="()V" >
				<lines><line number="1676"  hits="0" /></lines>
			</method>
			<method name="(anonymous_133)"  hits="0"  signature="()V" >
				<lines><line number="1683"  hits="0" /></lines>
			</method>
			<method name="(anonymous_134)"  hits="0"  signature="()V" >
				<lines><line number="1699"  hits="0" /></lines>
			</method>
			<method name="(anonymous_135)"  hits="0"  signature="()V" >
				<lines><line number="1701"  hits="0" /></lines>
			</method>
			<method name="(anonymous_136)"  hits="0"  signature="()V" >
				<lines><line number="1704"  hits="0" /></lines>
			</method>
			<method name="(anonymous_137)"  hits="0"  signature="()V" >
				<lines><line number="1705"  hits="0" /></lines>
			</method>
			<method name="(anonymous_138)"  hits="1"  signature="()V" >
				<lines><line number="1716"  hits="1" /></lines>
			</method>
			<method name="(anonymous_139)"  hits="1"  signature="()V" >
				<lines><line number="1717"  hits="1" /></lines>
			</method>
			<method name="(anonymous_140)"  hits="1"  signature="()V" >
				<lines><line number="1744"  hits="1" /></lines>
			</method>
			<method name="(anonymous_141)"  hits="0"  signature="()V" >
				<lines><line number="1760"  hits="0" /></lines>
			</method>
			<method name="(anonymous_142)"  hits="2"  signature="()V" >
				<lines><line number="1936"  hits="2" /></lines>
			</method>
			<method name="(anonymous_143)"  hits="2"  signature="()V" >
				<lines><line number="1954"  hits="2" /></lines>
			</method>
			<method name="(anonymous_144)"  hits="2"  signature="()V" >
				<lines><line number="1959"  hits="2" /></lines>
			</method>
			<method name="(anonymous_145)"  hits="2"  signature="()V" >
				<lines><line number="1963"  hits="2" /></lines>
			</method>
			<method name="(anonymous_146)"  hits="0"  signature="()V" >
				<lines><line number="1978"  hits="0" /></lines>
			</method>
			<method name="(anonymous_147)"  hits="2"  signature="()V" >
				<lines><line number="1984"  hits="2" /></lines>
			</method>
			<method name="(anonymous_148)"  hits="1"  signature="()V" >
				<lines><line number="2008"  hits="1" /></lines>
			</method>
			<method name="workFn"  hits="1"  signature="()V" >
				<lines><line number="2012"  hits="1" /></lines>
			</method>
			<method name="(anonymous_150)"  hits="1"  signature="()V" >
				<lines><line number="2017"  hits="1" /></lines>
			</method>
			<method name="(anonymous_151)"  hits="0"  signature="()V" >
				<lines><line number="2019"  hits="0" /></lines>
			</method>
			<method name="(anonymous_152)"  hits="0"  signature="()V" >
				<lines><line number="2020"  hits="0" /></lines>
			</method>
			<method name="(anonymous_153)"  hits="0"  signature="()V" >
				<lines><line number="2119"  hits="0" /></lines>
			</method>
			<method name="(anonymous_154)"  hits="1"  signature="()V" >
				<lines><line number="2130"  hits="1" /></lines>
			</method>
			<method name="workFn"  hits="1"  signature="()V" >
				<lines><line number="2135"  hits="1" /></lines>
			</method>
		</methods>
		<lines>
			<line number="6"  hits="1"  branch="false" />
			<line number="17"  hits="1"  branch="false" />
			<line number="32"  hits="1"  branch="false" />
			<line number="33"  hits="1"  branch="false" />
			<line number="34"  hits="1"  branch="false" />
			<line number="38"  hits="1"  branch="false" />
			<line number="39"  hits="1"  branch="false" />
			<line number="41"  hits="1"  branch="false" />
			<line number="42"  hits="1"  branch="false" />
			<line number="43"  hits="1"  branch="false" />
			<line number="44"  hits="1"  branch="false" />
			<line number="47"  hits="1"  branch="false" />
			<line number="48"  hits="1"  branch="false" />
			<line number="53"  hits="1"  branch="false" />
			<line number="54"  hits="0"  branch="false" />
			<line number="56"  hits="0"  branch="true"  condition-coverage="0% (0/2)" />
			<line number="57"  hits="0"  branch="false" />
			<line number="58"  hits="0"  branch="false" />
			<line number="63"  hits="0"  branch="false" />
			<line number="66"  hits="1"  branch="false" />
			<line number="67"  hits="1"  branch="false" />
			<line number="68"  hits="1"  branch="false" />
			<line number="69"  hits="1"  branch="false" />
			<line number="71"  hits="1"  branch="false" />
			<line number="72"  hits="0"  branch="true"  condition-coverage="0% (0/2)" />
			<line number="73"  hits="0"  branch="false" />
			<line number="74"  hits="0"  branch="false" />
			<line number="75"  hits="0"  branch="false" />
			<line number="85"  hits="1"  branch="false" />
			<line number="88"  hits="1"  branch="false" />
			<line number="89"  hits="0"  branch="false" />
			<line number="91"  hits="0"  branch="false" />
			<line number="92"  hits="0"  branch="true"  condition-coverage="0% (0/2)" />
			<line number="95"  hits="0"  branch="true"  condition-coverage="0% (0/2)" />
			<line number="96"  hits="0"  branch="false" />
			<line number="97"  hits="0"  branch="false" />
			<line number="100"  hits="0"  branch="false" />
			<line number="112"  hits="1"  branch="false" />
			<line number="113"  hits="0"  branch="true"  condition-coverage="0% (0/2)" />
			<line number="114"  hits="0"  branch="false" />
			<line number="116"  hits="0"  branch="true"  condition-coverage="0% (0/2)" />
			<line number="117"  hits="0"  branch="false" />
			<line number="119"  hits="0"  branch="false" />
			<line number="123"  hits="0"  branch="true"  condition-coverage="0% (0/2)" />
			<line number="124"  hits="0"  branch="false" />
			<line number="128"  hits="1"  branch="false" />
			<line number="129"  hits="1"  branch="false" />
			<line number="130"  hits="0"  branch="false" />
			<line number="133"  hits="1"  branch="false" />
			<line number="142"  hits="0"  branch="false" />
			<line number="143"  hits="0"  branch="false" />
			<line number="148"  hits="0"  branch="false" />
			<line number="149"  hits="0"  branch="false" />
			<line number="153"  hits="0"  branch="true"  condition-coverage="0% (0/2)" />
			<line number="154"  hits="0"  branch="false" />
			<line number="155"  hits="0"  branch="false" />
			<line number="158"  hits="0"  branch="false" />
			<line number="162"  hits="0"  branch="true"  condition-coverage="0% (0/2)" />
			<line number="163"  hits="0"  branch="true"  condition-coverage="0% (0/2)" />
			<line number="164"  hits="0"  branch="false" />
			<line number="166"  hits="0"  branch="true"  condition-coverage="0% (0/4)" />
			<line number="168"  hits="0"  branch="false" />
			<line number="172"  hits="0"  branch="true"  condition-coverage="0% (0/2)" />
			<line number="173"  hits="0"  branch="false" />
			<line number="174"  hits="0"  branch="false" />
			<line number="176"  hits="0"  branch="false" />
			<line number="181"  hits="0"  branch="false" />
			<line number="229"  hits="1"  branch="false" />
			<line number="230"  hits="1"  branch="false" />
			<line number="249"  hits="1"  branch="false" />
			<line number="250"  hits="1"  branch="true"  condition-coverage="33.33333333333333% (1/3)" />
			<line number="252"  hits="1"  branch="false" />
			<line number="253"  hits="0"  branch="false" />
			<line number="255"  hits="1"  branch="false" />
			<line number="257"  hits="0"  branch="false" />
			<line number="259"  hits="0"  branch="false" />
			<line number="260"  hits="0"  branch="true"  condition-coverage="0% (0/2)" />
			<line number="261"  hits="0"  branch="false" />
			<line number="263"  hits="0"  branch="false" />
			<line number="267"  hits="0"  branch="false" />
			<line number="268"  hits="0"  branch="false" />
			<line number="270"  hits="0"  branch="false" />
			<line number="274"  hits="1"  branch="false" />
			<line number="275"  hits="1"  branch="false" />
			<line number="278"  hits="1"  branch="false" />
			<line number="292"  hits="1"  branch="false" />
			<line number="293"  hits="1"  branch="false" />
			<line number="295"  hits="1"  branch="false" />
			<line number="296"  hits="0"  branch="false" />
			<line number="299"  hits="1"  branch="false" />
			<line number="300"  hits="0"  branch="true"  condition-coverage="0% (0/2)" />
			<line number="301"  hits="0"  branch="false" />
			<line number="302"  hits="0"  branch="false" />
			<line number="304"  hits="0"  branch="false" />
			<line number="308"  hits="1"  branch="false" />
			<line number="309"  hits="1"  branch="false" />
			<line number="310"  hits="0"  branch="false" />
			<line number="311"  hits="0"  branch="false" />
			<line number="312"  hits="0"  branch="false" />
			<line number="313"  hits="0"  branch="false" />
			<line number="315"  hits="0"  branch="true"  condition-coverage="0% (0/2)" />
			<line number="316"  hits="0"  branch="false" />
			<line number="328"  hits="1"  branch="false" />
			<line number="342"  hits="1"  branch="false" />
			<line number="356"  hits="1"  branch="false" />
			<line number="370"  hits="1"  branch="false" />
			<line number="384"  hits="1"  branch="false" />
			<line number="398"  hits="1"  branch="false" />
			<line number="409"  hits="1"  branch="false" />
			<line number="410"  hits="0"  branch="false" />
			<line number="411"  hits="0"  branch="false" />
			<line number="412"  hits="0"  branch="false" />
			<line number="413"  hits="0"  branch="false" />
			<line number="414"  hits="0"  branch="false" />
			<line number="419"  hits="0"  branch="true"  condition-coverage="0% (0/2)" />
			<line number="420"  hits="0"  branch="false" />
[...]
			<line number="2515"  hits="0"  branch="false" />
			<line number="2519"  hits="0"  branch="false" />
			<line number="2520"  hits="0"  branch="true"  condition-coverage="0% (0/2)" />
			<line number="2521"  hits="0"  branch="false" />
			<line number="2523"  hits="0"  branch="false" />
			<line number="2526"  hits="0"  branch="false" />
			<line number="2527"  hits="0"  branch="false" />
			<line number="2528"  hits="0"  branch="false" />
			<line number="2531"  hits="0"  branch="false" />
			<line number="2532"  hits="0"  branch="false" />
			<line number="2535"  hits="0"  branch="false" />
			<line number="2536"  hits="0"  branch="true"  condition-coverage="0% (0/2)" />
			<line number="2537"  hits="0"  branch="false" />
			<line number="2538"  hits="0"  branch="false" />
			<line number="2544"  hits="0"  branch="false" />
			<line number="2565"  hits="1"  branch="false" />
			<line number="2568"  hits="0"  branch="false" />
			<line number="2571"  hits="0"  branch="false" />
			<line number="2572"  hits="0"  branch="false" />
			<line number="2573"  hits="0"  branch="false" />
			<line number="2575"  hits="0"  branch="false" />
			<line number="2578"  hits="0"  branch="false" />
			<line number="2579"  hits="0"  branch="false" />
			<line number="2580"  hits="0"  branch="true"  condition-coverage="0% (0/4)" />
			<line number="2581"  hits="0"  branch="false" />
			<line number="2585"  hits="0"  branch="false" />
			<line number="2586"  hits="0"  branch="false" />
			<line number="2588"  hits="0"  branch="true"  condition-coverage="0% (0/4)" />
			<line number="2590"  hits="0"  branch="true"  condition-coverage="0% (0/2)" />
			<line number="2591"  hits="0"  branch="false" />
			<line number="2593"  hits="0"  branch="false" />
			<line number="2628"  hits="0"  branch="false" />
			<line number="2636"  hits="0"  branch="true"  condition-coverage="0% (0/2)" />
			<line number="2637"  hits="0"  branch="true"  condition-coverage="0% (0/2)" />
			<line number="2638"  hits="0"  branch="true"  condition-coverage="0% (0/2)" />
			<line number="2724"  hits="0"  branch="false" />
			<line number="2740"  hits="0"  branch="false" />
			<line number="2741"  hits="0"  branch="false" />
			<line number="2742"  hits="0"  branch="true"  condition-coverage="0% (0/2)" />
			<line number="2743"  hits="0"  branch="false" />
			<line number="2744"  hits="0"  branch="false" />
			<line number="2745"  hits="0"  branch="false" />
			<line number="2749"  hits="0"  branch="true"  condition-coverage="0% (0/2)" />
			<line number="2750"  hits="0"  branch="false" />
			<line number="2753"  hits="0"  branch="false" />
			<line number="2755"  hits="0"  branch="false" />
			<line number="2758"  hits="0"  branch="false" />
			<line number="2761"  hits="0"  branch="false" />
			<line number="2762"  hits="0"  branch="true"  condition-coverage="0% (0/2)" />
			<line number="2763"  hits="0"  branch="false" />
			<line number="2764"  hits="0"  branch="false" />
			<line number="2766"  hits="0"  branch="false" />
			<line number="2770"  hits="0"  branch="false" />
			<line number="2771"  hits="0"  branch="true"  condition-coverage="0% (0/2)" />
			<line number="2772"  hits="0"  branch="false" />
			<line number="2773"  hits="0"  branch="false" />
			<line number="2777"  hits="0"  branch="false" />
			<line number="2778"  hits="0"  branch="true"  condition-coverage="0% (0/2)" />
			<line number="2779"  hits="0"  branch="false" />
			<line number="2783"  hits="0"  branch="false" />
			<line number="2784"  hits="0"  branch="false" />
			<line number="2785"  hits="0"  branch="false" />
			<line number="2791"  hits="0"  branch="false" />
			<line number="2798"  hits="0"  branch="false" />
			<line number="2802"  hits="0"  branch="false" />
			<line number="2803"  hits="0"  branch="true"  condition-coverage="0% (0/2)" />
			<line number="2804"  hits="0"  branch="false" />
			<line number="2805"  hits="0"  branch="false" />
			<line number="2813"  hits="0"  branch="false" />
			<line number="2817"  hits="0"  branch="false" />
			<line number="2821"  hits="0"  branch="false" />
			<line number="2822"  hits="0"  branch="false" />
			<line number="2823"  hits="0"  branch="true"  condition-coverage="0% (0/2)" />
			<line number="2825"  hits="0"  branch="false" />
			<line number="2827"  hits="0"  branch="false" />
			<line number="2833"  hits="1"  branch="false" />
			<line number="2834"  hits="0"  branch="true"  condition-coverage="0% (0/5)" />
			<line number="2845"  hits="1"  branch="false" />
			<line number="2857"  hits="0"  branch="false" />
			<line number="2864"  hits="0"  branch="true"  condition-coverage="0% (0/2)" />
			<line number="2865"  hits="0"  branch="false" />
			<line number="2868"  hits="0"  branch="false" />
			<line number="2871"  hits="0"  branch="false" />
			<line number="2872"  hits="0"  branch="true"  condition-coverage="0% (0/2)" />
			<line number="2873"  hits="0"  branch="false" />
			<line number="2874"  hits="0"  branch="false" />
			<line number="2878"  hits="0"  branch="false" />
			<line number="2879"  hits="0"  branch="true"  condition-coverage="0% (0/2)" />
			<line number="2880"  hits="0"  branch="false" />
			<line number="2881"  hits="0"  branch="false" />
			<line number="2886"  hits="0"  branch="false" />
			<line number="2887"  hits="0"  branch="true"  condition-coverage="0% (0/2)" />
			<line number="2888"  hits="0"  branch="false" />
			<line number="2889"  hits="0"  branch="false" />
			<line number="2891"  hits="0"  branch="true"  condition-coverage="0% (0/2)" />
			<line number="2893"  hits="0"  branch="false" />
			<line number="2894"  hits="0"  branch="true"  condition-coverage="0% (0/4)" />
			<line number="2895"  hits="0"  branch="false" />
			<line number="2896"  hits="0"  branch="false" />
			<line number="2899"  hits="0"  branch="false" />
			<line number="2905"  hits="1"  branch="false" />
			<line number="2906"  hits="0"  branch="false" />
			<line number="2907"  hits="0"  branch="true"  condition-coverage="0% (0/6)" />
			<line number="2908"  hits="0"  branch="true"  condition-coverage="0% (0/2)" />
			<line number="2909"  hits="0"  branch="false" />
			<line number="2912"  hits="0"  branch="true"  condition-coverage="0% (0/2)" />
			<line number="2913"  hits="0"  branch="true"  condition-coverage="0% (0/2)" />
			<line number="2914"  hits="0"  branch="false" />
			<line number="2916"  hits="0"  branch="true"  condition-coverage="0% (0/2)" />
			<line number="2917"  hits="0"  branch="false" />
			<line number="2920"  hits="0"  branch="false" />
			<line number="2923"  hits="1"  branch="false" />
			<line number="2924"  hits="0"  branch="false" />
			<line number="2925"  hits="0"  branch="true"  condition-coverage="0% (0/4)" />
			<line number="2928"  hits="1"  branch="false" />
			<line number="2929"  hits="0"  branch="true"  condition-coverage="0% (0/4)" />
			<line number="2933"  hits="0"  branch="false" />
			<line number="2936"  hits="0"  branch="true"  condition-coverage="0% (0/2)" />
			<line number="2937"  hits="0"  branch="true"  condition-coverage="0% (0/2)" />
			<line number="2939"  hits="0"  branch="false" />
			<line number="2940"  hits="0"  branch="true"  condition-coverage="0% (0/2)" />
			<line number="2941"  hits="0"  branch="false" />
			<line number="2944"  hits="0"  branch="true"  condition-coverage="0% (0/2)" />
			<line number="2945"  hits="0"  branch="true"  condition-coverage="0% (0/2)" />
			<line number="2948"  hits="0"  branch="false" />
			<line number="2949"  hits="0"  branch="true"  condition-coverage="0% (0/2)" />
			<line number="2950"  hits="0"  branch="false" />
			<line number="2953"  hits="0"  branch="false" />
			<line number="2954"  hits="0"  branch="true"  condition-coverage="0% (0/2)" />
			<line number="2955"  hits="0"  branch="false" />
			<line number="2959"  hits="0"  branch="true"  condition-coverage="0% (0/2)" />
			<line number="2960"  hits="0"  branch="true"  condition-coverage="0% (0/2)" />
			<line number="2962"  hits="0"  branch="false" />
			<line number="2963"  hits="0"  branch="false" />
			<line number="2964"  hits="0"  branch="false" />
			<line number="2965"  hits="0"  branch="true"  condition-coverage="0% (0/2)" />
			<line number="2966"  hits="0"  branch="false" />
			<line number="2968"  hits="0"  branch="true"  condition-coverage="0% (0/2)" />
			<line number="2969"  hits="0"  branch="false" />
			<line number="2973"  hits="0"  branch="false" />
			<line number="2974"  hits="0"  branch="false" />
			<line number="2976"  hits="0"  branch="true"  condition-coverage="0% (0/2)" />
			<line number="2977"  hits="0"  branch="false" />
			<line number="2978"  hits="0"  branch="false" />
			<line number="2980"  hits="0"  branch="false" />
			<line number="2984"  hits="0"  branch="false" />
			<line number="2985"  hits="0"  branch="true"  condition-coverage="0% (0/4)" />
			<line number="2986"  hits="0"  branch="false" />
			<line number="2987"  hits="0"  branch="false" />
			<line number="2992"  hits="0"  branch="false" />
			<line number="2993"  hits="0"  branch="false" />
			<line number="2995"  hits="0"  branch="true"  condition-coverage="0% (0/2)" />
			<line number="2996"  hits="0"  branch="false" />
			<line number="2997"  hits="0"  branch="false" />
			<line number="2999"  hits="0"  branch="false" />
			<line number="3003"  hits="0"  branch="false" />
			<line number="3004"  hits="0"  branch="true"  condition-coverage="0% (0/4)" />
			<line number="3005"  hits="0"  branch="false" />
			<line number="3006"  hits="0"  branch="false" />
			<line number="3011"  hits="0"  branch="false" />
			<line number="3012"  hits="0"  branch="false" />
			<line number="3015"  hits="0"  branch="false" />
			<line number="3016"  hits="0"  branch="true"  condition-coverage="0% (0/2)" />
			<line number="3018"  hits="0"  branch="true"  condition-coverage="0% (0/2)" />
			<line number="3019"  hits="0"  branch="false" />
			<line number="3020"  hits="0"  branch="false" />
			<line number="3022"  hits="0"  branch="true"  condition-coverage="0% (0/2)" />
			<line number="3023"  hits="0"  branch="false" />
			<line number="3025"  hits="0"  branch="false" />
			<line number="3026"  hits="0"  branch="false" />
			<line number="3031"  hits="1"  branch="false" />
			<line number="3032"  hits="0"  branch="false" />
			<line number="3033"  hits="0"  branch="false" />
			<line number="3034"  hits="0"  branch="false" />
			<line number="3037"  hits="1"  branch="false" />
			<line number="3038"  hits="0"  branch="false" />
			<line number="3039"  hits="0"  branch="false" />
			<line number="3040"  hits="0"  branch="false" />
			<line number="3043"  hits="1"  branch="false" />
			<line number="3044"  hits="0"  branch="false" />
			<line number="3046"  hits="0"  branch="true"  condition-coverage="0% (0/2)" />
			<line number="3047"  hits="0"  branch="true"  condition-coverage="0% (0/4)" />
			<line number="3049"  hits="0"  branch="true"  condition-coverage="0% (0/2)" />
			<line number="3050"  hits="0"  branch="true"  condition-coverage="0% (0/2)" />
			<line number="3051"  hits="0"  branch="true"  condition-coverage="0% (0/2)" />
			<line number="3054"  hits="1"  branch="false" />
			<line number="3055"  hits="0"  branch="false" />
			<line number="3056"  hits="0"  branch="false" />
			<line number="3057"  hits="0"  branch="false" />
			<line number="3060"  hits="0"  branch="false" />
			<line number="3061"  hits="0"  branch="false" />
			<line number="3063"  hits="0"  branch="false" />
			<line number="3064"  hits="0"  branch="false" />
			<line number="3066"  hits="0"  branch="false" />
			<line number="3067"  hits="0"  branch="false" />
			<line number="3069"  hits="0"  branch="false" />
			<line number="3070"  hits="0"  branch="false" />
			<line number="3072"  hits="0"  branch="false" />
			<line number="3073"  hits="0"  branch="true"  condition-coverage="0% (0/2)" />
			<line number="3079"  hits="1"  branch="false" />
			<line number="3088"  hits="0"  branch="false" />
			<line number="3090"  hits="0"  branch="false" />
			<line number="3093"  hits="0"  branch="false" />
			<line number="3094"  hits="0"  branch="true"  condition-coverage="0% (0/2)" />
			<line number="3095"  hits="0"  branch="false" />
			<line number="3100"  hits="0"  branch="false" />
			<line number="3113"  hits="0"  branch="false" />
			<line number="3115"  hits="0"  branch="false" />
			<line number="3122"  hits="0"  branch="true"  condition-coverage="0% (0/2)" />
			<line number="3125"  hits="0"  branch="true"  condition-coverage="0% (0/2)" />
			<line number="3128"  hits="0"  branch="false" />
			<line number="3131"  hits="0"  branch="true"  condition-coverage="0% (0/2)" />
			<line number="3134"  hits="0"  branch="false" />
			<line number="3136"  hits="0"  branch="true"  condition-coverage="0% (0/2)" />
			<line number="3138"  hits="0"  branch="true"  condition-coverage="0% (0/2)" />
			<line number="3143"  hits="0"  branch="false" />
			<line number="3146"  hits="0"  branch="false" />
			<line number="3148"  hits="0"  branch="false" />
			<line number="3151"  hits="0"  branch="false" />
			<line number="3152"  hits="0"  branch="false" />
			<line number="3160"  hits="0"  branch="true"  condition-coverage="0% (0/2)" />
			<line number="3161"  hits="0"  branch="false" />
			<line number="3166"  hits="0"  branch="false" />
			<line number="3167"  hits="0"  branch="false" />
			<line number="3168"  hits="0"  branch="false" />
			<line number="3171"  hits="0"  branch="false" />
			<line number="3172"  hits="0"  branch="false" />
			<line number="3173"  hits="0"  branch="false" />
			<line number="3176"  hits="0"  branch="false" />
			<line number="3178"  hits="0"  branch="false" />
			<line number="3179"  hits="0"  branch="false" />
			<line number="3180"  hits="0"  branch="false" />
			<line number="3184"  hits="0"  branch="true"  condition-coverage="0% (0/4)" />
			<line number="3185"  hits="0"  branch="true"  condition-coverage="0% (0/2)" />
			<line number="3187"  hits="0"  branch="false" />
			<line number="3188"  hits="0"  branch="false" />
			<line number="3191"  hits="0"  branch="false" />
			<line number="3192"  hits="0"  branch="false" />
			<line number="3193"  hits="0"  branch="false" />
			<line number="3199"  hits="0"  branch="false" />
			<line number="3203"  hits="0"  branch="true"  condition-coverage="0% (0/2)" />
			<line number="3204"  hits="0"  branch="false" />
			<line number="3207"  hits="0"  branch="false" />
			<line number="3209"  hits="0"  branch="false" />
			<line number="3212"  hits="0"  branch="false" />
			<line number="3213"  hits="0"  branch="false" />
			<line number="3217"  hits="0"  branch="false" />
			<line number="3220"  hits="0"  branch="false" />
			<line number="3223"  hits="0"  branch="false" />
			<line number="3227"  hits="0"  branch="false" />
			<line number="3229"  hits="0"  branch="false" />
			<line number="3231"  hits="0"  branch="true"  condition-coverage="0% (0/4)" />
			<line number="3232"  hits="0"  branch="true"  condition-coverage="0% (0/2)" />
			<line number="3233"  hits="0"  branch="true"  condition-coverage="0% (0/2)" />
			<line number="3234"  hits="0"  branch="false" />
			<line number="3236"  hits="0"  branch="false" />
			<line number="3237"  hits="0"  branch="false" />
			<line number="3240"  hits="0"  branch="false" />
			<line number="3243"  hits="0"  branch="false" />
			<line number="3244"  hits="0"  branch="false" />
			<line number="3247"  hits="0"  branch="true"  condition-coverage="0% (0/2)" />
			<line number="3248"  hits="0"  branch="false" />
			<line number="3250"  hits="0"  branch="true"  condition-coverage="0% (0/2)" />
			<line number="3252"  hits="0"  branch="false" />
			<line number="3253"  hits="0"  branch="false" />
			<line number="3255"  hits="0"  branch="false" />
			<line number="3256"  hits="0"  branch="false" />
			<line number="3261"  hits="0"  branch="false" />
			<line number="3263"  hits="0"  branch="false" />
			<line number="3264"  hits="0"  branch="false" />
			<line number="3266"  hits="0"  branch="true"  condition-coverage="0% (0/2)" />
			<line number="3268"  hits="0"  branch="false" />
			<line number="3269"  hits="0"  branch="false" />
			<line number="3275"  hits="0"  branch="false" />
			<line number="3276"  hits="0"  branch="false" />
			<line number="3277"  hits="0"  branch="false" />
			<line number="3278"  hits="0"  branch="false" />
			<line number="3280"  hits="0"  branch="true"  condition-coverage="0% (0/2)" />
			<line number="3284"  hits="0"  branch="false" />
			<line number="3286"  hits="0"  branch="false" />
			<line number="3287"  hits="0"  branch="false" />
			<line number="3289"  hits="0"  branch="false" />
			<line number="3290"  hits="0"  branch="false" />
			<line number="3291"  hits="0"  branch="false" />
			<line number="3292"  hits="0"  branch="false" />
			<line number="3294"  hits="0"  branch="false" />
			<line number="3300"  hits="0"  branch="false" />
			<line number="3303"  hits="0"  branch="false" />
			<line number="3307"  hits="0"  branch="false" />
			<line number="3310"  hits="0"  branch="true"  condition-coverage="0% (0/4)" />
			<line number="3311"  hits="0"  branch="false" />
			<line number="3314"  hits="0"  branch="false" />
			<line number="3316"  hits="0"  branch="true"  condition-coverage="0% (0/2)" />
			<line number="3317"  hits="0"  branch="false" />
			<line number="3318"  hits="0"  branch="false" />
			<line number="3320"  hits="0"  branch="true"  condition-coverage="0% (0/2)" />
			<line number="3321"  hits="0"  branch="true"  condition-coverage="0% (0/2)" />
			<line number="3322"  hits="0"  branch="false" />
			<line number="3324"  hits="0"  branch="true"  condition-coverage="0% (0/4)" />
			<line number="3325"  hits="0"  branch="false" />
			<line number="3326"  hits="0"  branch="false" />
			<line number="3329"  hits="0"  branch="true"  condition-coverage="0% (0/2)" />
			<line number="3330"  hits="0"  branch="false" />
			<line number="3332"  hits="0"  branch="false" />
			<line number="3333"  hits="0"  branch="false" />
			<line number="3337"  hits="0"  branch="false" />
			<line number="3338"  hits="0"  branch="false" />
			<line number="3342"  hits="0"  branch="false" />
			<line number="3343"  hits="0"  branch="true"  condition-coverage="0% (0/2)" />
			<line number="3344"  hits="0"  branch="false" />
			<line number="3345"  hits="0"  branch="false" />
			<line number="3349"  hits="0"  branch="false" />
			<line number="3351"  hits="0"  branch="false" />
			<line number="3352"  hits="0"  branch="false" />
			<line number="3355"  hits="0"  branch="false" />
			<line number="3356"  hits="0"  branch="true"  condition-coverage="0% (0/2)" />
			<line number="3357"  hits="0"  branch="false" />
			<line number="3359"  hits="0"  branch="false" />
			<line number="3367"  hits="0"  branch="false" />
			<line number="3380"  hits="0"  branch="false" />
			<line number="3382"  hits="0"  branch="false" />
			<line number="3383"  hits="0"  branch="false" />
			<line number="3386"  hits="0"  branch="false" />
			<line number="3387"  hits="0"  branch="false" />
			<line number="3390"  hits="0"  branch="false" />
			<line number="3391"  hits="0"  branch="false" />
			<line number="3394"  hits="0"  branch="false" />
			<line number="3395"  hits="0"  branch="false" />
			<line number="3402"  hits="0"  branch="false" />
			<line number="3410"  hits="0"  branch="true"  condition-coverage="0% (0/2)" />
			<line number="3411"  hits="0"  branch="false" />
			<line number="3412"  hits="0"  branch="false" />
			<line number="3420"  hits="1"  branch="false" />
			<line number="3421"  hits="0"  branch="false" />
			<line number="3424"  hits="0"  branch="false" />
			<line number="3425"  hits="0"  branch="true"  condition-coverage="0% (0/2)" />
		</lines>
		</class>
	</classes>
	</package>
</packages>
</coverage>
